{"C:\\Users\\aebon\\projects\\pharmapp-mobile\\functions\\src\\cleanup.ts": {"path":"C:\\Users\\aebon\\projects\\pharmapp-mobile\\functions\\src\\cleanup.ts","statementMap":{"0":{"start":{"line":1,"column":0},"end":{"line":1,"column":56}},"1":{"start":{"line":2,"column":0},"end":{"line":2,"column":46}},"2":{"start":{"line":3,"column":0},"end":{"line":3,"column":56}},"3":{"start":{"line":19,"column":13},"end":{"line":195,"column":3}},"4":{"start":{"line":21,"column":2},"end":{"line":21,"column":46}},"5":{"start":{"line":22,"column":2},"end":{"line":22,"column":64}},"6":{"start":{"line":23,"column":2},"end":{"line":23,"column":58}},"7":{"start":{"line":25,"column":2},"end":{"line":28,"column":3}},"8":{"start":{"line":26,"column":4},"end":{"line":26,"column":29}},"9":{"start":{"line":27,"column":4},"end":{"line":27,"column":11}},"10":{"start":{"line":30,"column":2},"end":{"line":194,"column":3}},"11":{"start":{"line":32,"column":19},"end":{"line":32,"column":64}},"12":{"start":{"line":34,"column":4},"end":{"line":40,"column":5}},"13":{"start":{"line":35,"column":6},"end":{"line":38,"column":9}},"14":{"start":{"line":39,"column":6},"end":{"line":39,"column":13}},"15":{"start":{"line":43,"column":26},"end":{"line":45,"column":52}},"16":{"start":{"line":47,"column":4},"end":{"line":54,"column":5}},"17":{"start":{"line":48,"column":6},"end":{"line":48,"column":71}},"18":{"start":{"line":49,"column":6},"end":{"line":52,"column":9}},"19":{"start":{"line":53,"column":6},"end":{"line":53,"column":13}},"20":{"start":{"line":56,"column":4},"end":{"line":56,"column":63}},"21":{"start":{"line":58,"column":17},"end":{"line":58,"column":26}},"22":{"start":{"line":59,"column":15},"end":{"line":59,"column":29}},"23":{"start":{"line":61,"column":41},"end":{"line":61,"column":43}},"24":{"start":{"line":62,"column":21},"end":{"line":62,"column":25}},"25":{"start":{"line":65,"column":4},"end":{"line":74,"column":5}},"26":{"start":{"line":66,"column":6},"end":{"line":66,"column":52}},"27":{"start":{"line":67,"column":6},"end":{"line":67,"column":53}},"28":{"start":{"line":69,"column":6},"end":{"line":73,"column":7}},"29":{"start":{"line":70,"column":8},"end":{"line":70,"column":59}},"30":{"start":{"line":72,"column":8},"end":{"line":72,"column":20}},"31":{"start":{"line":77,"column":4},"end":{"line":176,"column":5}},"32":{"start":{"line":78,"column":18},"end":{"line":78,"column":32}},"33":{"start":{"line":81,"column":6},"end":{"line":87,"column":7}},"34":{"start":{"line":82,"column":8},"end":{"line":82,"column":60}},"35":{"start":{"line":83,"column":8},"end":{"line":83,"column":46}},"36":{"start":{"line":84,"column":8},"end":{"line":84,"column":49}},"37":{"start":{"line":86,"column":8},"end":{"line":86,"column":60}},"38":{"start":{"line":90,"column":6},"end":{"line":96,"column":7}},"39":{"start":{"line":91,"column":8},"end":{"line":91,"column":58}},"40":{"start":{"line":92,"column":8},"end":{"line":92,"column":44}},"41":{"start":{"line":93,"column":8},"end":{"line":93,"column":47}},"42":{"start":{"line":95,"column":8},"end":{"line":95,"column":59}},"43":{"start":{"line":99,"column":6},"end":{"line":105,"column":7}},"44":{"start":{"line":100,"column":8},"end":{"line":100,"column":56}},"45":{"start":{"line":101,"column":8},"end":{"line":101,"column":42}},"46":{"start":{"line":102,"column":8},"end":{"line":102,"column":45}},"47":{"start":{"line":104,"column":8},"end":{"line":104,"column":57}},"48":{"start":{"line":108,"column":6},"end":{"line":114,"column":7}},"49":{"start":{"line":109,"column":8},"end":{"line":109,"column":57}},"50":{"start":{"line":110,"column":8},"end":{"line":110,"column":43}},"51":{"start":{"line":111,"column":8},"end":{"line":111,"column":46}},"52":{"start":{"line":113,"column":8},"end":{"line":113,"column":58}},"53":{"start":{"line":117,"column":6},"end":{"line":131,"column":7}},"54":{"start":{"line":118,"column":34},"end":{"line":120,"column":16}},"55":{"start":{"line":122,"column":8},"end":{"line":128,"column":9}},"56":{"start":{"line":123,"column":24},"end":{"line":123,"column":34}},"57":{"start":{"line":124,"column":10},"end":{"line":124,"column":71}},"58":{"start":{"line":124,"column":48},"end":{"line":124,"column":69}},"59":{"start":{"line":125,"column":10},"end":{"line":125,"column":31}},"60":{"start":{"line":126,"column":10},"end":{"line":126,"column":90}},"61":{"start":{"line":127,"column":10},"end":{"line":127,"column":77}},"62":{"start":{"line":130,"column":8},"end":{"line":130,"column":63}},"63":{"start":{"line":134,"column":6},"end":{"line":148,"column":7}},"64":{"start":{"line":135,"column":34},"end":{"line":137,"column":16}},"65":{"start":{"line":139,"column":8},"end":{"line":145,"column":9}},"66":{"start":{"line":140,"column":24},"end":{"line":140,"column":34}},"67":{"start":{"line":141,"column":10},"end":{"line":141,"column":71}},"68":{"start":{"line":141,"column":48},"end":{"line":141,"column":69}},"69":{"start":{"line":142,"column":10},"end":{"line":142,"column":31}},"70":{"start":{"line":143,"column":10},"end":{"line":143,"column":90}},"71":{"start":{"line":144,"column":10},"end":{"line":144,"column":71}},"72":{"start":{"line":147,"column":8},"end":{"line":147,"column":57}},"73":{"start":{"line":151,"column":6},"end":{"line":166,"column":7}},"74":{"start":{"line":152,"column":31},"end":{"line":155,"column":16}},"75":{"start":{"line":157,"column":8},"end":{"line":163,"column":9}},"76":{"start":{"line":158,"column":24},"end":{"line":158,"column":34}},"77":{"start":{"line":159,"column":10},"end":{"line":159,"column":68}},"78":{"start":{"line":159,"column":45},"end":{"line":159,"column":66}},"79":{"start":{"line":160,"column":10},"end":{"line":160,"column":31}},"80":{"start":{"line":161,"column":10},"end":{"line":161,"column":77}},"81":{"start":{"line":162,"column":10},"end":{"line":162,"column":73}},"82":{"start":{"line":165,"column":8},"end":{"line":165,"column":62}},"83":{"start":{"line":169,"column":6},"end":{"line":175,"column":7}},"84":{"start":{"line":170,"column":8},"end":{"line":170,"column":35}},"85":{"start":{"line":171,"column":8},"end":{"line":171,"column":62}},"86":{"start":{"line":173,"column":8},"end":{"line":173,"column":82}},"87":{"start":{"line":174,"column":8},"end":{"line":174,"column":20}},"88":{"start":{"line":178,"column":4},"end":{"line":185,"column":7}},"89":{"start":{"line":188,"column":4},"end":{"line":188,"column":55}},"90":{"start":{"line":189,"column":4},"end":{"line":193,"column":7}}},"fnMap":{"0":{"name":"(anonymous_0)","decl":{"start":{"line":19,"column":69},"end":{"line":19,"column":74}},"loc":{"start":{"line":19,"column":88},"end":{"line":195,"column":1}}},"1":{"name":"(anonymous_1)","decl":{"start":{"line":124,"column":41},"end":{"line":124,"column":44}},"loc":{"start":{"line":124,"column":48},"end":{"line":124,"column":69}}},"2":{"name":"(anonymous_2)","decl":{"start":{"line":141,"column":41},"end":{"line":141,"column":44}},"loc":{"start":{"line":141,"column":48},"end":{"line":141,"column":69}}},"3":{"name":"(anonymous_3)","decl":{"start":{"line":159,"column":38},"end":{"line":159,"column":41}},"loc":{"start":{"line":159,"column":45},"end":{"line":159,"column":66}}}},"branchMap":{"0":{"loc":{"start":{"line":25,"column":2},"end":{"line":28,"column":3}},"type":"if","locations":[{"start":{"line":25,"column":2},"end":{"line":28,"column":3}},{"start":{},"end":{}}]},"1":{"loc":{"start":{"line":32,"column":19},"end":{"line":32,"column":64}},"type":"binary-expr","locations":[{"start":{"line":32,"column":19},"end":{"line":32,"column":45}},{"start":{"line":32,"column":49},"end":{"line":32,"column":64}}]},"2":{"loc":{"start":{"line":34,"column":4},"end":{"line":40,"column":5}},"type":"if","locations":[{"start":{"line":34,"column":4},"end":{"line":40,"column":5}},{"start":{},"end":{}}]},"3":{"loc":{"start":{"line":43,"column":26},"end":{"line":45,"column":52}},"type":"binary-expr","locations":[{"start":{"line":43,"column":26},"end":{"line":43,"column":48}},{"start":{"line":44,"column":26},"end":{"line":44,"column":59}},{"start":{"line":45,"column":26},"end":{"line":45,"column":52}}]},"4":{"loc":{"start":{"line":47,"column":4},"end":{"line":54,"column":5}},"type":"if","locations":[{"start":{"line":47,"column":4},"end":{"line":54,"column":5}},{"start":{},"end":{}}]},"5":{"loc":{"start":{"line":69,"column":6},"end":{"line":73,"column":7}},"type":"if","locations":[{"start":{"line":69,"column":6},"end":{"line":73,"column":7}},{"start":{"line":71,"column":13},"end":{"line":73,"column":7}}]},"6":{"loc":{"start":{"line":77,"column":4},"end":{"line":176,"column":5}},"type":"if","locations":[{"start":{"line":77,"column":4},"end":{"line":176,"column":5}},{"start":{},"end":{}}]},"7":{"loc":{"start":{"line":122,"column":8},"end":{"line":128,"column":9}},"type":"if","locations":[{"start":{"line":122,"column":8},"end":{"line":128,"column":9}},{"start":{},"end":{}}]},"8":{"loc":{"start":{"line":139,"column":8},"end":{"line":145,"column":9}},"type":"if","locations":[{"start":{"line":139,"column":8},"end":{"line":145,"column":9}},{"start":{},"end":{}}]},"9":{"loc":{"start":{"line":157,"column":8},"end":{"line":163,"column":9}},"type":"if","locations":[{"start":{"line":157,"column":8},"end":{"line":163,"column":9}},{"start":{},"end":{}}]},"10":{"loc":{"start":{"line":182,"column":11},"end":{"line":182,"column":41}},"type":"binary-expr","locations":[{"start":{"line":182,"column":11},"end":{"line":182,"column":26}},{"start":{"line":182,"column":30},"end":{"line":182,"column":41}}]}},"s":{"0":0,"1":0,"2":0,"3":0,"4":0,"5":0,"6":0,"7":0,"8":0,"9":0,"10":0,"11":0,"12":0,"13":0,"14":0,"15":0,"16":0,"17":0,"18":0,"19":0,"20":0,"21":0,"22":0,"23":0,"24":0,"25":0,"26":0,"27":0,"28":0,"29":0,"30":0,"31":0,"32":0,"33":0,"34":0,"35":0,"36":0,"37":0,"38":0,"39":0,"40":0,"41":0,"42":0,"43":0,"44":0,"45":0,"46":0,"47":0,"48":0,"49":0,"50":0,"51":0,"52":0,"53":0,"54":0,"55":0,"56":0,"57":0,"58":0,"59":0,"60":0,"61":0,"62":0,"63":0,"64":0,"65":0,"66":0,"67":0,"68":0,"69":0,"70":0,"71":0,"72":0,"73":0,"74":0,"75":0,"76":0,"77":0,"78":0,"79":0,"80":0,"81":0,"82":0,"83":0,"84":0,"85":0,"86":0,"87":0,"88":0,"89":0,"90":0},"f":{"0":0,"1":0,"2":0,"3":0},"b":{"0":[0,0],"1":[0,0],"2":[0,0],"3":[0,0,0],"4":[0,0],"5":[0,0],"6":[0,0],"7":[0,0],"8":[0,0],"9":[0,0],"10":[0,0]}}
,"C:\\Users\\aebon\\projects\\pharmapp-mobile\\functions\\src\\index.ts": {"path":"C:\\Users\\aebon\\projects\\pharmapp-mobile\\functions\\src\\index.ts","statementMap":{"0":{"start":{"line":1,"column":1},"end":{"line":1,"column":57}},"1":{"start":{"line":2,"column":0},"end":{"line":2,"column":52}},"2":{"start":{"line":3,"column":0},"end":{"line":3,"column":57}},"3":{"start":{"line":5,"column":0},"end":{"line":5,"column":60}},"4":{"start":{"line":6,"column":0},"end":{"line":6,"column":79}},"5":{"start":{"line":8,"column":0},"end":{"line":8,"column":33}},"6":{"start":{"line":11,"column":0},"end":{"line":11,"column":55}},"7":{"start":{"line":12,"column":0},"end":{"line":12,"column":53}},"8":{"start":{"line":13,"column":0},"end":{"line":13,"column":123}},"9":{"start":{"line":15,"column":0},"end":{"line":15,"column":9}},"10":{"start":{"line":15,"column":9},"end":{"line":15,"column":53}},"11":{"start":{"line":16,"column":0},"end":{"line":16,"column":9}},"12":{"start":{"line":16,"column":9},"end":{"line":16,"column":47}},"13":{"start":{"line":19,"column":0},"end":{"line":19,"column":44}},"14":{"start":{"line":19,"column":28},"end":{"line":19,"column":44}},"15":{"start":{"line":20,"column":11},"end":{"line":20,"column":25}},"16":{"start":{"line":23,"column":21},"end":{"line":23,"column":56}},"17":{"start":{"line":24,"column":21},"end":{"line":24,"column":58}},"18":{"start":{"line":28,"column":2},"end":{"line":31,"column":3}},"19":{"start":{"line":29,"column":4},"end":{"line":29,"column":47}},"20":{"start":{"line":30,"column":4},"end":{"line":30,"column":16}},"21":{"start":{"line":32,"column":13},"end":{"line":32,"column":68}},"22":{"start":{"line":33,"column":2},"end":{"line":36,"column":3}},"23":{"start":{"line":34,"column":4},"end":{"line":34,"column":49}},"24":{"start":{"line":35,"column":4},"end":{"line":35,"column":16}},"25":{"start":{"line":37,"column":2},"end":{"line":37,"column":15}},"26":{"start":{"line":41,"column":12},"end":{"line":41,"column":91}},"27":{"start":{"line":42,"column":2},"end":{"line":42,"column":32}},"28":{"start":{"line":46,"column":2},"end":{"line":46,"column":86}},"29":{"start":{"line":50,"column":13},"end":{"line":52,"column":3}},"30":{"start":{"line":51,"column":2},"end":{"line":51,"column":29}},"31":{"start":{"line":56,"column":0},"end":{"line":56,"column":null}},"32":{"start":{"line":57,"column":2},"end":{"line":57,"column":null}},"33":{"start":{"line":58,"column":2},"end":{"line":58,"column":null}},"34":{"start":{"line":59,"column":2},"end":{"line":59,"column":null}},"35":{"start":{"line":60,"column":2},"end":{"line":60,"column":null}},"36":{"start":{"line":64,"column":13},"end":{"line":89,"column":3}},"37":{"start":{"line":65,"column":2},"end":{"line":88,"column":3}},"38":{"start":{"line":66,"column":19},"end":{"line":66,"column":58}},"39":{"start":{"line":68,"column":4},"end":{"line":71,"column":5}},"40":{"start":{"line":69,"column":6},"end":{"line":69,"column":60}},"41":{"start":{"line":70,"column":6},"end":{"line":70,"column":13}},"42":{"start":{"line":74,"column":22},"end":{"line":74,"column":58}},"43":{"start":{"line":75,"column":22},"end":{"line":75,"column":43}},"44":{"start":{"line":77,"column":4},"end":{"line":84,"column":5}},"45":{"start":{"line":79,"column":28},"end":{"line":79,"column":40}},"46":{"start":{"line":80,"column":6},"end":{"line":80,"column":41}},"47":{"start":{"line":81,"column":6},"end":{"line":81,"column":42}},"48":{"start":{"line":83,"column":6},"end":{"line":83,"column":45}},"49":{"start":{"line":86,"column":4},"end":{"line":86,"column":43}},"50":{"start":{"line":87,"column":4},"end":{"line":87,"column":61}},"51":{"start":{"line":92,"column":13},"end":{"line":138,"column":3}},"52":{"start":{"line":93,"column":2},"end":{"line":137,"column":3}},"53":{"start":{"line":94,"column":4},"end":{"line":94,"column":38}},"54":{"start":{"line":94,"column":31},"end":{"line":94,"column":38}},"55":{"start":{"line":95,"column":72},"end":{"line":95,"column":86}},"56":{"start":{"line":98,"column":19},"end":{"line":103,"column":6}},"57":{"start":{"line":100,"column":24},"end":{"line":100,"column":109}},"58":{"start":{"line":101,"column":24},"end":{"line":101,"column":76}},"59":{"start":{"line":105,"column":4},"end":{"line":107,"column":5}},"60":{"start":{"line":106,"column":6},"end":{"line":106,"column":46}},"61":{"start":{"line":110,"column":25},"end":{"line":110,"column":53}},"62":{"start":{"line":111,"column":4},"end":{"line":118,"column":5}},"63":{"start":{"line":112,"column":6},"end":{"line":116,"column":10}},"64":{"start":{"line":117,"column":6},"end":{"line":117,"column":13}},"65":{"start":{"line":121,"column":24},"end":{"line":121,"column":59}},"66":{"start":{"line":122,"column":4},"end":{"line":124,"column":5}},"67":{"start":{"line":123,"column":6},"end":{"line":123,"column":53}},"68":{"start":{"line":126,"column":16},"end":{"line":126,"column":47}},"69":{"start":{"line":127,"column":4},"end":{"line":132,"column":7}},"70":{"start":{"line":134,"column":4},"end":{"line":134,"column":67}},"71":{"start":{"line":136,"column":4},"end":{"line":136,"column":26}},"72":{"start":{"line":155,"column":57},"end":{"line":155,"column":61}},"73":{"start":{"line":157,"column":2},"end":{"line":157,"column":36}},"74":{"start":{"line":157,"column":29},"end":{"line":157,"column":36}},"75":{"start":{"line":160,"column":14},"end":{"line":160,"column":34}},"76":{"start":{"line":161,"column":19},"end":{"line":161,"column":53}},"77":{"start":{"line":162,"column":2},"end":{"line":164,"column":3}},"78":{"start":{"line":163,"column":4},"end":{"line":163,"column":48}},"79":{"start":{"line":166,"column":15},"end":{"line":166,"column":59}},"80":{"start":{"line":167,"column":57},"end":{"line":167,"column":83}},"81":{"start":{"line":168,"column":14},"end":{"line":168,"column":57}},"82":{"start":{"line":170,"column":2},"end":{"line":245,"column":5}},"83":{"start":{"line":171,"column":4},"end":{"line":244,"column":7}},"84":{"start":{"line":172,"column":21},"end":{"line":172,"column":55}},"85":{"start":{"line":173,"column":21},"end":{"line":173,"column":86}},"86":{"start":{"line":176,"column":22},"end":{"line":176,"column":42}},"87":{"start":{"line":177,"column":22},"end":{"line":177,"column":66}},"88":{"start":{"line":178,"column":42},"end":{"line":178,"column":64}},"89":{"start":{"line":180,"column":66},"end":{"line":180,"column":70}},"90":{"start":{"line":181,"column":66},"end":{"line":181,"column":70}},"91":{"start":{"line":183,"column":18},"end":{"line":183,"column":60}},"92":{"start":{"line":184,"column":18},"end":{"line":184,"column":65}},"93":{"start":{"line":186,"column":6},"end":{"line":189,"column":7}},"94":{"start":{"line":187,"column":8},"end":{"line":187,"column":57}},"95":{"start":{"line":188,"column":8},"end":{"line":188,"column":45}},"96":{"start":{"line":193,"column":6},"end":{"line":205,"column":8}},"97":{"start":{"line":208,"column":6},"end":{"line":219,"column":8}},"98":{"start":{"line":222,"column":6},"end":{"line":243,"column":7}},"99":{"start":{"line":223,"column":8},"end":{"line":225,"column":9}},"100":{"start":{"line":224,"column":10},"end":{"line":224,"column":62}},"101":{"start":{"line":226,"column":8},"end":{"line":229,"column":11}},"102":{"start":{"line":231,"column":21},"end":{"line":231,"column":50}},"103":{"start":{"line":232,"column":8},"end":{"line":242,"column":11}},"104":{"start":{"line":247,"column":2},"end":{"line":247,"column":29}},"105":{"start":{"line":251,"column":13},"end":{"line":281,"column":2}},"106":{"start":{"line":254,"column":4},"end":{"line":279,"column":5}},"107":{"start":{"line":255,"column":6},"end":{"line":255,"column":69}},"108":{"start":{"line":256,"column":6},"end":{"line":271,"column":9}},"109":{"start":{"line":261,"column":28},"end":{"line":270,"column":10}},"110":{"start":{"line":272,"column":6},"end":{"line":272,"column":13}},"111":{"start":{"line":274,"column":6},"end":{"line":276,"column":7}},"112":{"start":{"line":275,"column":8},"end":{"line":275,"column":37}},"113":{"start":{"line":277,"column":6},"end":{"line":277,"column":48}},"114":{"start":{"line":278,"column":6},"end":{"line":278,"column":33}},"115":{"start":{"line":284,"column":13},"end":{"line":314,"column":2}},"116":{"start":{"line":287,"column":4},"end":{"line":312,"column":5}},"117":{"start":{"line":288,"column":6},"end":{"line":288,"column":71}},"118":{"start":{"line":289,"column":6},"end":{"line":304,"column":9}},"119":{"start":{"line":294,"column":28},"end":{"line":303,"column":10}},"120":{"start":{"line":305,"column":6},"end":{"line":305,"column":13}},"121":{"start":{"line":307,"column":6},"end":{"line":309,"column":7}},"122":{"start":{"line":308,"column":8},"end":{"line":308,"column":37}},"123":{"start":{"line":310,"column":6},"end":{"line":310,"column":50}},"124":{"start":{"line":311,"column":6},"end":{"line":311,"column":33}},"125":{"start":{"line":319,"column":13},"end":{"line":419,"column":3}},"126":{"start":{"line":320,"column":2},"end":{"line":418,"column":3}},"127":{"start":{"line":321,"column":4},"end":{"line":321,"column":38}},"128":{"start":{"line":321,"column":31},"end":{"line":321,"column":38}},"129":{"start":{"line":323,"column":83},"end":{"line":323,"column":97}},"130":{"start":{"line":326,"column":19},"end":{"line":331,"column":6}},"131":{"start":{"line":327,"column":21},"end":{"line":327,"column":73}},"132":{"start":{"line":328,"column":21},"end":{"line":328,"column":73}},"133":{"start":{"line":329,"column":28},"end":{"line":329,"column":80}},"134":{"start":{"line":333,"column":4},"end":{"line":335,"column":5}},"135":{"start":{"line":334,"column":6},"end":{"line":334,"column":46}},"136":{"start":{"line":338,"column":4},"end":{"line":345,"column":5}},"137":{"start":{"line":339,"column":6},"end":{"line":343,"column":10}},"138":{"start":{"line":344,"column":6},"end":{"line":344,"column":13}},"139":{"start":{"line":347,"column":4},"end":{"line":354,"column":5}},"140":{"start":{"line":348,"column":6},"end":{"line":352,"column":10}},"141":{"start":{"line":353,"column":6},"end":{"line":353,"column":13}},"142":{"start":{"line":356,"column":20},"end":{"line":356,"column":103}},"143":{"start":{"line":357,"column":18},"end":{"line":357,"column":52}},"144":{"start":{"line":358,"column":18},"end":{"line":358,"column":44}},"145":{"start":{"line":359,"column":17},"end":{"line":359,"column":66}},"146":{"start":{"line":360,"column":4},"end":{"line":413,"column":7}},"147":{"start":{"line":361,"column":6},"end":{"line":411,"column":9}},"148":{"start":{"line":362,"column":21},"end":{"line":362,"column":54}},"149":{"start":{"line":363,"column":21},"end":{"line":363,"column":54}},"150":{"start":{"line":364,"column":22},"end":{"line":364,"column":58}},"151":{"start":{"line":367,"column":31},"end":{"line":367,"column":78}},"152":{"start":{"line":368,"column":18},"end":{"line":368,"column":49}},"153":{"start":{"line":369,"column":18},"end":{"line":369,"column":49}},"154":{"start":{"line":371,"column":8},"end":{"line":371,"column":59}},"155":{"start":{"line":371,"column":16},"end":{"line":371,"column":59}},"156":{"start":{"line":372,"column":8},"end":{"line":372,"column":59}},"157":{"start":{"line":372,"column":16},"end":{"line":372,"column":59}},"158":{"start":{"line":373,"column":8},"end":{"line":375,"column":9}},"159":{"start":{"line":374,"column":10},"end":{"line":374,"column":123}},"160":{"start":{"line":376,"column":8},"end":{"line":378,"column":9}},"161":{"start":{"line":377,"column":10},"end":{"line":377,"column":123}},"162":{"start":{"line":381,"column":8},"end":{"line":385,"column":11}},"163":{"start":{"line":386,"column":8},"end":{"line":390,"column":11}},"164":{"start":{"line":392,"column":8},"end":{"line":405,"column":10}},"165":{"start":{"line":407,"column":19},"end":{"line":407,"column":48}},"166":{"start":{"line":408,"column":19},"end":{"line":408,"column":48}},"167":{"start":{"line":409,"column":8},"end":{"line":409,"column":134}},"168":{"start":{"line":410,"column":8},"end":{"line":410,"column":134}},"169":{"start":{"line":412,"column":6},"end":{"line":412,"column":13}},"170":{"start":{"line":415,"column":4},"end":{"line":415,"column":80}},"171":{"start":{"line":417,"column":4},"end":{"line":417,"column":26}},"172":{"start":{"line":422,"column":13},"end":{"line":673,"column":3}},"173":{"start":{"line":423,"column":2},"end":{"line":672,"column":3}},"174":{"start":{"line":424,"column":4},"end":{"line":424,"column":38}},"175":{"start":{"line":424,"column":31},"end":{"line":424,"column":38}},"176":{"start":{"line":426,"column":73},"end":{"line":426,"column":87}},"177":{"start":{"line":429,"column":19},"end":{"line":432,"column":6}},"178":{"start":{"line":431,"column":27},"end":{"line":431,"column":79}},"179":{"start":{"line":434,"column":4},"end":{"line":436,"column":5}},"180":{"start":{"line":435,"column":6},"end":{"line":435,"column":46}},"181":{"start":{"line":439,"column":4},"end":{"line":446,"column":5}},"182":{"start":{"line":440,"column":6},"end":{"line":444,"column":10}},"183":{"start":{"line":445,"column":6},"end":{"line":445,"column":13}},"184":{"start":{"line":448,"column":4},"end":{"line":455,"column":5}},"185":{"start":{"line":449,"column":6},"end":{"line":453,"column":10}},"186":{"start":{"line":454,"column":6},"end":{"line":454,"column":13}},"187":{"start":{"line":457,"column":4},"end":{"line":459,"column":5}},"188":{"start":{"line":458,"column":6},"end":{"line":458,"column":82}},"189":{"start":{"line":461,"column":4},"end":{"line":463,"column":5}},"190":{"start":{"line":462,"column":6},"end":{"line":462,"column":80}},"191":{"start":{"line":466,"column":4},"end":{"line":473,"column":5}},"192":{"start":{"line":467,"column":6},"end":{"line":471,"column":10}},"193":{"start":{"line":472,"column":6},"end":{"line":472,"column":13}},"194":{"start":{"line":475,"column":4},"end":{"line":668,"column":7}},"195":{"start":{"line":476,"column":6},"end":{"line":666,"column":9}},"196":{"start":{"line":477,"column":22},"end":{"line":477,"column":64}},"197":{"start":{"line":478,"column":27},"end":{"line":478,"column":66}},"198":{"start":{"line":481,"column":23},"end":{"line":481,"column":42}},"199":{"start":{"line":482,"column":8},"end":{"line":482,"column":80}},"200":{"start":{"line":482,"column":28},"end":{"line":482,"column":80}},"201":{"start":{"line":484,"column":25},"end":{"line":484,"column":45}},"202":{"start":{"line":485,"column":8},"end":{"line":487,"column":9}},"203":{"start":{"line":486,"column":10},"end":{"line":486,"column":87}},"204":{"start":{"line":489,"column":46},"end":{"line":489,"column":54}},"205":{"start":{"line":490,"column":22},"end":{"line":490,"column":43}},"206":{"start":{"line":491,"column":22},"end":{"line":491,"column":43}},"207":{"start":{"line":492,"column":26},"end":{"line":492,"column":39}},"208":{"start":{"line":495,"column":21},"end":{"line":495,"column":54}},"209":{"start":{"line":496,"column":21},"end":{"line":496,"column":54}},"210":{"start":{"line":498,"column":44},"end":{"line":502,"column":10}},"211":{"start":{"line":504,"column":24},"end":{"line":504,"column":43}},"212":{"start":{"line":505,"column":24},"end":{"line":505,"column":43}},"213":{"start":{"line":508,"column":8},"end":{"line":508,"column":65}},"214":{"start":{"line":508,"column":22},"end":{"line":508,"column":65}},"215":{"start":{"line":509,"column":8},"end":{"line":509,"column":65}},"216":{"start":{"line":509,"column":22},"end":{"line":509,"column":65}},"217":{"start":{"line":511,"column":8},"end":{"line":513,"column":9}},"218":{"start":{"line":512,"column":10},"end":{"line":512,"column":135}},"219":{"start":{"line":514,"column":8},"end":{"line":516,"column":9}},"220":{"start":{"line":515,"column":10},"end":{"line":515,"column":135}},"221":{"start":{"line":521,"column":67},"end":{"line":521,"column":71}},"222":{"start":{"line":522,"column":68},"end":{"line":522,"column":72}},"223":{"start":{"line":524,"column":8},"end":{"line":557,"column":9}},"224":{"start":{"line":526,"column":10},"end":{"line":528,"column":11}},"225":{"start":{"line":527,"column":12},"end":{"line":527,"column":107}},"226":{"start":{"line":530,"column":10},"end":{"line":530,"column":59}},"227":{"start":{"line":531,"column":10},"end":{"line":531,"column":61}},"228":{"start":{"line":534,"column":28},"end":{"line":534,"column":50}},"229":{"start":{"line":535,"column":30},"end":{"line":535,"column":53}},"230":{"start":{"line":537,"column":10},"end":{"line":537,"column":75}},"231":{"start":{"line":537,"column":28},"end":{"line":537,"column":75}},"232":{"start":{"line":538,"column":10},"end":{"line":540,"column":11}},"233":{"start":{"line":539,"column":12},"end":{"line":539,"column":145}},"234":{"start":{"line":543,"column":10},"end":{"line":546,"column":13}},"235":{"start":{"line":549,"column":29},"end":{"line":549,"column":52}},"236":{"start":{"line":550,"column":10},"end":{"line":552,"column":11}},"237":{"start":{"line":551,"column":12},"end":{"line":551,"column":69}},"238":{"start":{"line":553,"column":10},"end":{"line":556,"column":13}},"239":{"start":{"line":560,"column":8},"end":{"line":563,"column":11}},"240":{"start":{"line":564,"column":8},"end":{"line":567,"column":11}},"241":{"start":{"line":570,"column":8},"end":{"line":572,"column":9}},"242":{"start":{"line":571,"column":10},"end":{"line":571,"column":68}},"243":{"start":{"line":573,"column":8},"end":{"line":576,"column":11}},"244":{"start":{"line":579,"column":8},"end":{"line":587,"column":11}},"245":{"start":{"line":590,"column":30},"end":{"line":628,"column":10}},"246":{"start":{"line":631,"column":8},"end":{"line":660,"column":9}},"247":{"start":{"line":632,"column":10},"end":{"line":659,"column":12}},"248":{"start":{"line":662,"column":8},"end":{"line":665,"column":11}},"249":{"start":{"line":663,"column":28},"end":{"line":663,"column":57}},"250":{"start":{"line":664,"column":10},"end":{"line":664,"column":35}},"251":{"start":{"line":667,"column":6},"end":{"line":667,"column":13}},"252":{"start":{"line":669,"column":4},"end":{"line":669,"column":60}},"253":{"start":{"line":671,"column":4},"end":{"line":671,"column":26}},"254":{"start":{"line":676,"column":13},"end":{"line":707,"column":3}},"255":{"start":{"line":677,"column":2},"end":{"line":706,"column":3}},"256":{"start":{"line":678,"column":4},"end":{"line":678,"column":38}},"257":{"start":{"line":678,"column":31},"end":{"line":678,"column":38}},"258":{"start":{"line":679,"column":27},"end":{"line":679,"column":41}},"259":{"start":{"line":682,"column":4},"end":{"line":689,"column":5}},"260":{"start":{"line":683,"column":6},"end":{"line":687,"column":10}},"261":{"start":{"line":688,"column":6},"end":{"line":688,"column":13}},"262":{"start":{"line":691,"column":4},"end":{"line":698,"column":5}},"263":{"start":{"line":692,"column":6},"end":{"line":696,"column":10}},"264":{"start":{"line":697,"column":6},"end":{"line":697,"column":13}},"265":{"start":{"line":700,"column":4},"end":{"line":702,"column":7}},"266":{"start":{"line":701,"column":6},"end":{"line":701,"column":41}},"267":{"start":{"line":703,"column":4},"end":{"line":703,"column":59}},"268":{"start":{"line":705,"column":4},"end":{"line":705,"column":26}},"269":{"start":{"line":713,"column":22},"end":{"line":713,"column":73}},"270":{"start":{"line":715,"column":2},"end":{"line":717,"column":3}},"271":{"start":{"line":716,"column":4},"end":{"line":716,"column":48}},"272":{"start":{"line":719,"column":19},"end":{"line":719,"column":44}},"273":{"start":{"line":720,"column":14},"end":{"line":720,"column":24}},"274":{"start":{"line":723,"column":19},"end":{"line":725,"column":71}},"275":{"start":{"line":727,"column":18},"end":{"line":728,"column":105}},"276":{"start":{"line":730,"column":2},"end":{"line":736,"column":4}},"277":{"start":{"line":740,"column":13},"end":{"line":808,"column":3}},"278":{"start":{"line":741,"column":2},"end":{"line":807,"column":3}},"279":{"start":{"line":742,"column":19},"end":{"line":742,"column":58}},"280":{"start":{"line":744,"column":4},"end":{"line":751,"column":5}},"281":{"start":{"line":745,"column":6},"end":{"line":749,"column":10}},"282":{"start":{"line":750,"column":6},"end":{"line":750,"column":13}},"283":{"start":{"line":753,"column":25},"end":{"line":753,"column":59}},"284":{"start":{"line":755,"column":4},"end":{"line":763,"column":5}},"285":{"start":{"line":756,"column":6},"end":{"line":761,"column":9}},"286":{"start":{"line":762,"column":6},"end":{"line":762,"column":13}},"287":{"start":{"line":766,"column":4},"end":{"line":785,"column":5}},"288":{"start":{"line":767,"column":29},"end":{"line":770,"column":14}},"289":{"start":{"line":772,"column":27},"end":{"line":772,"column":46}},"290":{"start":{"line":773,"column":25},"end":{"line":773,"column":28}},"291":{"start":{"line":775,"column":6},"end":{"line":784,"column":7}},"292":{"start":{"line":776,"column":8},"end":{"line":783,"column":11}},"293":{"start":{"line":788,"column":4},"end":{"line":794,"column":7}},"294":{"start":{"line":796,"column":4},"end":{"line":803,"column":7}},"295":{"start":{"line":806,"column":4},"end":{"line":806,"column":26}},"296":{"start":{"line":811,"column":13},"end":{"line":854,"column":3}},"297":{"start":{"line":812,"column":2},"end":{"line":853,"column":3}},"298":{"start":{"line":813,"column":19},"end":{"line":813,"column":58}},"299":{"start":{"line":815,"column":4},"end":{"line":822,"column":5}},"300":{"start":{"line":816,"column":6},"end":{"line":820,"column":10}},"301":{"start":{"line":821,"column":6},"end":{"line":821,"column":13}},"302":{"start":{"line":824,"column":25},"end":{"line":824,"column":59}},"303":{"start":{"line":826,"column":4},"end":{"line":834,"column":5}},"304":{"start":{"line":827,"column":6},"end":{"line":832,"column":9}},"305":{"start":{"line":833,"column":6},"end":{"line":833,"column":13}},"306":{"start":{"line":837,"column":4},"end":{"line":843,"column":7}},"307":{"start":{"line":845,"column":4},"end":{"line":849,"column":7}},"308":{"start":{"line":852,"column":4},"end":{"line":852,"column":26}},"309":{"start":{"line":857,"column":13},"end":{"line":904,"column":3}},"310":{"start":{"line":858,"column":2},"end":{"line":903,"column":3}},"311":{"start":{"line":859,"column":19},"end":{"line":859,"column":58}},"312":{"start":{"line":861,"column":4},"end":{"line":868,"column":5}},"313":{"start":{"line":862,"column":6},"end":{"line":866,"column":10}},"314":{"start":{"line":867,"column":6},"end":{"line":867,"column":13}},"315":{"start":{"line":870,"column":25},"end":{"line":870,"column":59}},"316":{"start":{"line":872,"column":4},"end":{"line":880,"column":5}},"317":{"start":{"line":873,"column":6},"end":{"line":878,"column":9}},"318":{"start":{"line":879,"column":6},"end":{"line":879,"column":13}},"319":{"start":{"line":883,"column":25},"end":{"line":883,"column":55}},"320":{"start":{"line":884,"column":4},"end":{"line":893,"column":5}},"321":{"start":{"line":885,"column":6},"end":{"line":891,"column":9}},"322":{"start":{"line":892,"column":6},"end":{"line":892,"column":13}},"323":{"start":{"line":895,"column":4},"end":{"line":899,"column":7}},"324":{"start":{"line":902,"column":4},"end":{"line":902,"column":26}},"325":{"start":{"line":907,"column":13},"end":{"line":958,"column":3}},"326":{"start":{"line":908,"column":2},"end":{"line":957,"column":3}},"327":{"start":{"line":909,"column":19},"end":{"line":909,"column":58}},"328":{"start":{"line":911,"column":4},"end":{"line":918,"column":5}},"329":{"start":{"line":912,"column":6},"end":{"line":916,"column":10}},"330":{"start":{"line":917,"column":6},"end":{"line":917,"column":13}},"331":{"start":{"line":920,"column":25},"end":{"line":920,"column":59}},"332":{"start":{"line":923,"column":24},"end":{"line":923,"column":25}},"333":{"start":{"line":924,"column":4},"end":{"line":928,"column":5}},"334":{"start":{"line":925,"column":22},"end":{"line":925,"column":61}},"335":{"start":{"line":926,"column":18},"end":{"line":926,"column":28}},"336":{"start":{"line":927,"column":6},"end":{"line":927,"column":106}},"337":{"start":{"line":931,"column":32},"end":{"line":931,"column":33}},"338":{"start":{"line":932,"column":4},"end":{"line":938,"column":5}},"339":{"start":{"line":933,"column":29},"end":{"line":936,"column":14}},"340":{"start":{"line":937,"column":6},"end":{"line":937,"column":50}},"341":{"start":{"line":940,"column":4},"end":{"line":953,"column":7}},"342":{"start":{"line":956,"column":4},"end":{"line":956,"column":26}},"343":{"start":{"line":968,"column":13},"end":{"line":1104,"column":3}},"344":{"start":{"line":972,"column":2},"end":{"line":1103,"column":3}},"345":{"start":{"line":973,"column":4},"end":{"line":973,"column":38}},"346":{"start":{"line":973,"column":31},"end":{"line":973,"column":38}},"347":{"start":{"line":975,"column":68},"end":{"line":975,"column":82}},"348":{"start":{"line":978,"column":19},"end":{"line":982,"column":6}},"349":{"start":{"line":980,"column":24},"end":{"line":981,"column":95}},"350":{"start":{"line":984,"column":4},"end":{"line":986,"column":5}},"351":{"start":{"line":985,"column":6},"end":{"line":985,"column":46}},"352":{"start":{"line":989,"column":32},"end":{"line":995,"column":6}},"353":{"start":{"line":998,"column":18},"end":{"line":998,"column":69}},"354":{"start":{"line":999,"column":19},"end":{"line":999,"column":23}},"355":{"start":{"line":1001,"column":4},"end":{"line":1003,"column":5}},"356":{"start":{"line":1002,"column":6},"end":{"line":1002,"column":66}},"357":{"start":{"line":1005,"column":4},"end":{"line":1011,"column":5}},"358":{"start":{"line":1006,"column":6},"end":{"line":1009,"column":9}},"359":{"start":{"line":1010,"column":6},"end":{"line":1010,"column":13}},"360":{"start":{"line":1013,"column":4},"end":{"line":1013,"column":30}},"361":{"start":{"line":1014,"column":22},"end":{"line":1014,"column":43}},"362":{"start":{"line":1017,"column":26},"end":{"line":1017,"column":86}},"363":{"start":{"line":1017,"column":62},"end":{"line":1017,"column":85}},"364":{"start":{"line":1019,"column":4},"end":{"line":1026,"column":5}},"365":{"start":{"line":1020,"column":6},"end":{"line":1024,"column":9}},"366":{"start":{"line":1025,"column":6},"end":{"line":1025,"column":13}},"367":{"start":{"line":1029,"column":4},"end":{"line":1035,"column":5}},"368":{"start":{"line":1030,"column":6},"end":{"line":1033,"column":9}},"369":{"start":{"line":1034,"column":6},"end":{"line":1034,"column":13}},"370":{"start":{"line":1037,"column":21},"end":{"line":1037,"column":26}},"371":{"start":{"line":1038,"column":24},"end":{"line":1038,"column":48}},"372":{"start":{"line":1041,"column":4},"end":{"line":1081,"column":7}},"373":{"start":{"line":1042,"column":24},"end":{"line":1042,"column":60}},"374":{"start":{"line":1043,"column":24},"end":{"line":1043,"column":47}},"375":{"start":{"line":1046,"column":6},"end":{"line":1057,"column":7}},"376":{"start":{"line":1048,"column":8},"end":{"line":1048,"column":45}},"377":{"start":{"line":1049,"column":8},"end":{"line":1054,"column":11}},"378":{"start":{"line":1056,"column":8},"end":{"line":1056,"column":42}},"379":{"start":{"line":1060,"column":27},"end":{"line":1060,"column":71}},"380":{"start":{"line":1061,"column":6},"end":{"line":1064,"column":9}},"381":{"start":{"line":1067,"column":24},"end":{"line":1067,"column":53}},"382":{"start":{"line":1068,"column":6},"end":{"line":1080,"column":9}},"383":{"start":{"line":1083,"column":4},"end":{"line":1088,"column":7}},"384":{"start":{"line":1090,"column":4},"end":{"line":1098,"column":7}},"385":{"start":{"line":1101,"column":4},"end":{"line":1101,"column":68}},"386":{"start":{"line":1102,"column":4},"end":{"line":1102,"column":26}}},"fnMap":{"0":{"name":"(anonymous_10)","decl":{"start":{"line":15,"column":9},"end":{"line":15,"column":28}},"loc":{"start":{"line":15,"column":9},"end":{"line":15,"column":53}}},"1":{"name":"(anonymous_11)","decl":{"start":{"line":16,"column":9},"end":{"line":16,"column":24}},"loc":{"start":{"line":16,"column":9},"end":{"line":16,"column":47}}},"2":{"name":"requireJson","decl":{"start":{"line":27,"column":9},"end":{"line":27,"column":20}},"loc":{"start":{"line":27,"column":39},"end":{"line":38,"column":1}}},"3":{"name":"getInboundToken","decl":{"start":{"line":40,"column":9},"end":{"line":40,"column":24}},"loc":{"start":{"line":40,"column":33},"end":{"line":43,"column":1}}},"4":{"name":"walletInit","decl":{"start":{"line":45,"column":9},"end":{"line":45,"column":19}},"loc":{"start":{"line":45,"column":36},"end":{"line":47,"column":1}}},"5":{"name":"(anonymous_15)","decl":{"start":{"line":50,"column":72},"end":{"line":50,"column":73}},"loc":{"start":{"line":50,"column":86},"end":{"line":52,"column":1}}},"6":{"name":"(anonymous_16)","decl":{"start":{"line":57,"column":2},"end":{"line":57,"column":20}},"loc":{"start":{"line":57,"column":2},"end":{"line":57,"column":null}}},"7":{"name":"(anonymous_17)","decl":{"start":{"line":58,"column":2},"end":{"line":58,"column":19}},"loc":{"start":{"line":58,"column":2},"end":{"line":58,"column":null}}},"8":{"name":"(anonymous_18)","decl":{"start":{"line":59,"column":2},"end":{"line":59,"column":17}},"loc":{"start":{"line":59,"column":2},"end":{"line":59,"column":null}}},"9":{"name":"(anonymous_19)","decl":{"start":{"line":60,"column":2},"end":{"line":60,"column":24}},"loc":{"start":{"line":60,"column":2},"end":{"line":60,"column":null}}},"10":{"name":"(anonymous_20)","decl":{"start":{"line":64,"column":75},"end":{"line":64,"column":80}},"loc":{"start":{"line":64,"column":94},"end":{"line":89,"column":1}}},"11":{"name":"(anonymous_21)","decl":{"start":{"line":92,"column":65},"end":{"line":92,"column":70}},"loc":{"start":{"line":92,"column":84},"end":{"line":138,"column":1}}},"12":{"name":"(anonymous_22)","decl":{"start":{"line":100,"column":14},"end":{"line":100,"column":15}},"loc":{"start":{"line":100,"column":24},"end":{"line":100,"column":109}}},"13":{"name":"(anonymous_23)","decl":{"start":{"line":101,"column":14},"end":{"line":101,"column":15}},"loc":{"start":{"line":101,"column":24},"end":{"line":101,"column":76}}},"14":{"name":"handleWebhook","decl":{"start":{"line":143,"column":15},"end":{"line":143,"column":28}},"loc":{"start":{"line":154,"column":1},"end":{"line":248,"column":1}}},"15":{"name":"(anonymous_25)","decl":{"start":{"line":170,"column":56},"end":{"line":170,"column":61}},"loc":{"start":{"line":170,"column":67},"end":{"line":245,"column":3}}},"16":{"name":"(anonymous_26)","decl":{"start":{"line":171,"column":28},"end":{"line":171,"column":33}},"loc":{"start":{"line":171,"column":41},"end":{"line":244,"column":5}}},"17":{"name":"(anonymous_27)","decl":{"start":{"line":253,"column":2},"end":{"line":253,"column":7}},"loc":{"start":{"line":253,"column":21},"end":{"line":280,"column":3}}},"18":{"name":"(anonymous_28)","decl":{"start":{"line":261,"column":17},"end":{"line":261,"column":18}},"loc":{"start":{"line":261,"column":28},"end":{"line":270,"column":10}}},"19":{"name":"(anonymous_29)","decl":{"start":{"line":286,"column":2},"end":{"line":286,"column":7}},"loc":{"start":{"line":286,"column":21},"end":{"line":313,"column":3}}},"20":{"name":"(anonymous_30)","decl":{"start":{"line":294,"column":17},"end":{"line":294,"column":18}},"loc":{"start":{"line":294,"column":28},"end":{"line":303,"column":10}}},"21":{"name":"(anonymous_31)","decl":{"start":{"line":319,"column":72},"end":{"line":319,"column":77}},"loc":{"start":{"line":319,"column":91},"end":{"line":419,"column":1}}},"22":{"name":"(anonymous_32)","decl":{"start":{"line":327,"column":11},"end":{"line":327,"column":12}},"loc":{"start":{"line":327,"column":21},"end":{"line":327,"column":73}}},"23":{"name":"(anonymous_33)","decl":{"start":{"line":328,"column":11},"end":{"line":328,"column":12}},"loc":{"start":{"line":328,"column":21},"end":{"line":328,"column":73}}},"24":{"name":"(anonymous_34)","decl":{"start":{"line":329,"column":18},"end":{"line":329,"column":19}},"loc":{"start":{"line":329,"column":28},"end":{"line":329,"column":80}}},"25":{"name":"(anonymous_35)","decl":{"start":{"line":360,"column":35},"end":{"line":360,"column":40}},"loc":{"start":{"line":360,"column":46},"end":{"line":413,"column":5}}},"26":{"name":"(anonymous_36)","decl":{"start":{"line":361,"column":30},"end":{"line":361,"column":35}},"loc":{"start":{"line":361,"column":43},"end":{"line":411,"column":7}}},"27":{"name":"(anonymous_37)","decl":{"start":{"line":422,"column":69},"end":{"line":422,"column":74}},"loc":{"start":{"line":422,"column":88},"end":{"line":673,"column":1}}},"28":{"name":"(anonymous_38)","decl":{"start":{"line":431,"column":17},"end":{"line":431,"column":18}},"loc":{"start":{"line":431,"column":27},"end":{"line":431,"column":79}}},"29":{"name":"(anonymous_39)","decl":{"start":{"line":475,"column":51},"end":{"line":475,"column":56}},"loc":{"start":{"line":475,"column":62},"end":{"line":668,"column":5}}},"30":{"name":"(anonymous_40)","decl":{"start":{"line":476,"column":30},"end":{"line":476,"column":35}},"loc":{"start":{"line":476,"column":43},"end":{"line":666,"column":7}}},"31":{"name":"(anonymous_41)","decl":{"start":{"line":662,"column":30},"end":{"line":662,"column":35}},"loc":{"start":{"line":662,"column":38},"end":{"line":665,"column":9}}},"32":{"name":"(anonymous_42)","decl":{"start":{"line":676,"column":68},"end":{"line":676,"column":73}},"loc":{"start":{"line":676,"column":87},"end":{"line":707,"column":1}}},"33":{"name":"(anonymous_43)","decl":{"start":{"line":700,"column":50},"end":{"line":700,"column":55}},"loc":{"start":{"line":700,"column":61},"end":{"line":702,"column":5}}},"34":{"name":"getValidSubscription","decl":{"start":{"line":712,"column":15},"end":{"line":712,"column":35}},"loc":{"start":{"line":712,"column":50},"end":{"line":737,"column":1}}},"35":{"name":"(anonymous_45)","decl":{"start":{"line":740,"column":77},"end":{"line":740,"column":82}},"loc":{"start":{"line":740,"column":96},"end":{"line":808,"column":1}}},"36":{"name":"(anonymous_46)","decl":{"start":{"line":811,"column":76},"end":{"line":811,"column":81}},"loc":{"start":{"line":811,"column":95},"end":{"line":854,"column":1}}},"37":{"name":"(anonymous_47)","decl":{"start":{"line":857,"column":77},"end":{"line":857,"column":82}},"loc":{"start":{"line":857,"column":96},"end":{"line":904,"column":1}}},"38":{"name":"(anonymous_48)","decl":{"start":{"line":907,"column":75},"end":{"line":907,"column":80}},"loc":{"start":{"line":907,"column":94},"end":{"line":958,"column":1}}},"39":{"name":"(anonymous_49)","decl":{"start":{"line":971,"column":3},"end":{"line":971,"column":8}},"loc":{"start":{"line":971,"column":22},"end":{"line":1104,"column":1}}},"40":{"name":"(anonymous_50)","decl":{"start":{"line":980,"column":14},"end":{"line":980,"column":15}},"loc":{"start":{"line":980,"column":24},"end":{"line":981,"column":95}}},"41":{"name":"(anonymous_51)","decl":{"start":{"line":1017,"column":51},"end":{"line":1017,"column":58}},"loc":{"start":{"line":1017,"column":62},"end":{"line":1017,"column":85}}},"42":{"name":"(anonymous_52)","decl":{"start":{"line":1041,"column":28},"end":{"line":1041,"column":33}},"loc":{"start":{"line":1041,"column":41},"end":{"line":1081,"column":5}}}},"branchMap":{"0":{"loc":{"start":{"line":19,"column":0},"end":{"line":19,"column":44}},"type":"if","locations":[{"start":{"line":19,"column":0},"end":{"line":19,"column":44}},{"start":{},"end":{}}]},"1":{"loc":{"start":{"line":28,"column":2},"end":{"line":31,"column":3}},"type":"if","locations":[{"start":{"line":28,"column":2},"end":{"line":31,"column":3}},{"start":{},"end":{}}]},"2":{"loc":{"start":{"line":32,"column":20},"end":{"line":32,"column":53}},"type":"binary-expr","locations":[{"start":{"line":32,"column":20},"end":{"line":32,"column":47}},{"start":{"line":32,"column":51},"end":{"line":32,"column":53}}]},"3":{"loc":{"start":{"line":33,"column":2},"end":{"line":36,"column":3}},"type":"if","locations":[{"start":{"line":33,"column":2},"end":{"line":36,"column":3}},{"start":{},"end":{}}]},"4":{"loc":{"start":{"line":41,"column":12},"end":{"line":41,"column":91}},"type":"binary-expr","locations":[{"start":{"line":41,"column":12},"end":{"line":41,"column":41}},{"start":{"line":41,"column":46},"end":{"line":41,"column":85}},{"start":{"line":41,"column":89},"end":{"line":41,"column":91}}]},"5":{"loc":{"start":{"line":42,"column":16},"end":{"line":42,"column":23}},"type":"binary-expr","locations":[{"start":{"line":42,"column":16},"end":{"line":42,"column":17}},{"start":{"line":42,"column":21},"end":{"line":42,"column":23}}]},"6":{"loc":{"start":{"line":45,"column":20},"end":{"line":45,"column":36}},"type":"default-arg","locations":[{"start":{"line":45,"column":31},"end":{"line":45,"column":36}}]},"7":{"loc":{"start":{"line":68,"column":4},"end":{"line":71,"column":5}},"type":"if","locations":[{"start":{"line":68,"column":4},"end":{"line":71,"column":5}},{"start":{},"end":{}}]},"8":{"loc":{"start":{"line":77,"column":4},"end":{"line":84,"column":5}},"type":"if","locations":[{"start":{"line":77,"column":4},"end":{"line":84,"column":5}},{"start":{"line":82,"column":11},"end":{"line":84,"column":5}}]},"9":{"loc":{"start":{"line":94,"column":4},"end":{"line":94,"column":38}},"type":"if","locations":[{"start":{"line":94,"column":4},"end":{"line":94,"column":38}},{"start":{},"end":{}}]},"10":{"loc":{"start":{"line":95,"column":36},"end":{"line":95,"column":52}},"type":"default-arg","locations":[{"start":{"line":95,"column":47},"end":{"line":95,"column":52}}]},"11":{"loc":{"start":{"line":95,"column":54},"end":{"line":95,"column":67}},"type":"default-arg","locations":[{"start":{"line":95,"column":63},"end":{"line":95,"column":67}}]},"12":{"loc":{"start":{"line":95,"column":72},"end":{"line":95,"column":86}},"type":"binary-expr","locations":[{"start":{"line":95,"column":72},"end":{"line":95,"column":80}},{"start":{"line":95,"column":84},"end":{"line":95,"column":86}}]},"13":{"loc":{"start":{"line":100,"column":24},"end":{"line":100,"column":109}},"type":"binary-expr","locations":[{"start":{"line":100,"column":24},"end":{"line":100,"column":49}},{"start":{"line":100,"column":53},"end":{"line":100,"column":109}}]},"14":{"loc":{"start":{"line":101,"column":24},"end":{"line":101,"column":76}},"type":"binary-expr","locations":[{"start":{"line":101,"column":24},"end":{"line":101,"column":49}},{"start":{"line":101,"column":53},"end":{"line":101,"column":76}}]},"15":{"loc":{"start":{"line":105,"column":4},"end":{"line":107,"column":5}},"type":"if","locations":[{"start":{"line":105,"column":4},"end":{"line":107,"column":5}},{"start":{},"end":{}}]},"16":{"loc":{"start":{"line":111,"column":4},"end":{"line":118,"column":5}},"type":"if","locations":[{"start":{"line":111,"column":4},"end":{"line":118,"column":5}},{"start":{},"end":{}}]},"17":{"loc":{"start":{"line":122,"column":4},"end":{"line":124,"column":5}},"type":"if","locations":[{"start":{"line":122,"column":4},"end":{"line":124,"column":5}},{"start":{},"end":{}}]},"18":{"loc":{"start":{"line":157,"column":2},"end":{"line":157,"column":36}},"type":"if","locations":[{"start":{"line":157,"column":2},"end":{"line":157,"column":36}},{"start":{},"end":{}}]},"19":{"loc":{"start":{"line":161,"column":26},"end":{"line":161,"column":45}},"type":"binary-expr","locations":[{"start":{"line":161,"column":26},"end":{"line":161,"column":39}},{"start":{"line":161,"column":43},"end":{"line":161,"column":45}}]},"20":{"loc":{"start":{"line":162,"column":2},"end":{"line":164,"column":3}},"type":"if","locations":[{"start":{"line":162,"column":2},"end":{"line":164,"column":3}},{"start":{},"end":{}}]},"21":{"loc":{"start":{"line":162,"column":6},"end":{"line":162,"column":35}},"type":"binary-expr","locations":[{"start":{"line":162,"column":6},"end":{"line":162,"column":15}},{"start":{"line":162,"column":19},"end":{"line":162,"column":35}}]},"22":{"loc":{"start":{"line":166,"column":15},"end":{"line":166,"column":59}},"type":"cond-expr","locations":[{"start":{"line":166,"column":46},"end":{"line":166,"column":54}},{"start":{"line":166,"column":57},"end":{"line":166,"column":59}}]},"23":{"loc":{"start":{"line":168,"column":14},"end":{"line":168,"column":57}},"type":"binary-expr","locations":[{"start":{"line":168,"column":14},"end":{"line":168,"column":23}},{"start":{"line":168,"column":27},"end":{"line":168,"column":57}}]},"24":{"loc":{"start":{"line":177,"column":22},"end":{"line":177,"column":66}},"type":"cond-expr","locations":[{"start":{"line":177,"column":40},"end":{"line":177,"column":60}},{"start":{"line":177,"column":64},"end":{"line":177,"column":66}}]},"25":{"loc":{"start":{"line":177,"column":40},"end":{"line":177,"column":60}},"type":"binary-expr","locations":[{"start":{"line":177,"column":40},"end":{"line":177,"column":54}},{"start":{"line":177,"column":58},"end":{"line":177,"column":60}}]},"26":{"loc":{"start":{"line":183,"column":18},"end":{"line":183,"column":60}},"type":"binary-expr","locations":[{"start":{"line":183,"column":18},"end":{"line":183,"column":24}},{"start":{"line":183,"column":29},"end":{"line":183,"column":52}},{"start":{"line":183,"column":56},"end":{"line":183,"column":60}}]},"27":{"loc":{"start":{"line":184,"column":18},"end":{"line":184,"column":65}},"type":"binary-expr","locations":[{"start":{"line":184,"column":18},"end":{"line":184,"column":26}},{"start":{"line":184,"column":31},"end":{"line":184,"column":56}},{"start":{"line":184,"column":60},"end":{"line":184,"column":65}}]},"28":{"loc":{"start":{"line":186,"column":6},"end":{"line":189,"column":7}},"type":"if","locations":[{"start":{"line":186,"column":6},"end":{"line":189,"column":7}},{"start":{},"end":{}}]},"29":{"loc":{"start":{"line":186,"column":10},"end":{"line":186,"column":54}},"type":"binary-expr","locations":[{"start":{"line":186,"column":10},"end":{"line":186,"column":16}},{"start":{"line":186,"column":20},"end":{"line":186,"column":43}},{"start":{"line":186,"column":47},"end":{"line":186,"column":54}}]},"30":{"loc":{"start":{"line":222,"column":6},"end":{"line":243,"column":7}},"type":"if","locations":[{"start":{"line":222,"column":6},"end":{"line":243,"column":7}},{"start":{},"end":{}}]},"31":{"loc":{"start":{"line":222,"column":10},"end":{"line":222,"column":67}},"type":"binary-expr","locations":[{"start":{"line":222,"column":10},"end":{"line":222,"column":16}},{"start":{"line":222,"column":20},"end":{"line":222,"column":29}},{"start":{"line":222,"column":33},"end":{"line":222,"column":56}},{"start":{"line":222,"column":60},"end":{"line":222,"column":67}}]},"32":{"loc":{"start":{"line":223,"column":8},"end":{"line":225,"column":9}},"type":"if","locations":[{"start":{"line":223,"column":8},"end":{"line":225,"column":9}},{"start":{},"end":{}}]},"33":{"loc":{"start":{"line":260,"column":24},"end":{"line":260,"column":48}},"type":"binary-expr","locations":[{"start":{"line":260,"column":24},"end":{"line":260,"column":42}},{"start":{"line":260,"column":46},"end":{"line":260,"column":48}}]},"34":{"loc":{"start":{"line":263,"column":12},"end":{"line":266,"column":31}},"type":"binary-expr","locations":[{"start":{"line":263,"column":12},"end":{"line":263,"column":37}},{"start":{"line":264,"column":12},"end":{"line":264,"column":26}},{"start":{"line":265,"column":13},"end":{"line":265,"column":45}},{"start":{"line":266,"column":12},"end":{"line":266,"column":31}}]},"35":{"loc":{"start":{"line":269,"column":20},"end":{"line":269,"column":40}},"type":"binary-expr","locations":[{"start":{"line":269,"column":20},"end":{"line":269,"column":31}},{"start":{"line":269,"column":35},"end":{"line":269,"column":40}}]},"36":{"loc":{"start":{"line":274,"column":6},"end":{"line":276,"column":7}},"type":"if","locations":[{"start":{"line":274,"column":6},"end":{"line":276,"column":7}},{"start":{},"end":{}}]},"37":{"loc":{"start":{"line":274,"column":10},"end":{"line":274,"column":76}},"type":"binary-expr","locations":[{"start":{"line":274,"column":10},"end":{"line":274,"column":35}},{"start":{"line":274,"column":39},"end":{"line":274,"column":76}}]},"38":{"loc":{"start":{"line":293,"column":24},"end":{"line":293,"column":50}},"type":"binary-expr","locations":[{"start":{"line":293,"column":24},"end":{"line":293,"column":44}},{"start":{"line":293,"column":48},"end":{"line":293,"column":50}}]},"39":{"loc":{"start":{"line":296,"column":12},"end":{"line":299,"column":31}},"type":"binary-expr","locations":[{"start":{"line":296,"column":12},"end":{"line":296,"column":28}},{"start":{"line":297,"column":12},"end":{"line":297,"column":23}},{"start":{"line":298,"column":13},"end":{"line":298,"column":45}},{"start":{"line":299,"column":12},"end":{"line":299,"column":31}}]},"40":{"loc":{"start":{"line":302,"column":20},"end":{"line":302,"column":40}},"type":"binary-expr","locations":[{"start":{"line":302,"column":20},"end":{"line":302,"column":31}},{"start":{"line":302,"column":35},"end":{"line":302,"column":40}}]},"41":{"loc":{"start":{"line":307,"column":6},"end":{"line":309,"column":7}},"type":"if","locations":[{"start":{"line":307,"column":6},"end":{"line":309,"column":7}},{"start":{},"end":{}}]},"42":{"loc":{"start":{"line":307,"column":10},"end":{"line":307,"column":76}},"type":"binary-expr","locations":[{"start":{"line":307,"column":10},"end":{"line":307,"column":35}},{"start":{"line":307,"column":39},"end":{"line":307,"column":76}}]},"43":{"loc":{"start":{"line":321,"column":4},"end":{"line":321,"column":38}},"type":"if","locations":[{"start":{"line":321,"column":4},"end":{"line":321,"column":38}},{"start":{},"end":{}}]},"44":{"loc":{"start":{"line":323,"column":46},"end":{"line":323,"column":62}},"type":"default-arg","locations":[{"start":{"line":323,"column":57},"end":{"line":323,"column":62}}]},"45":{"loc":{"start":{"line":323,"column":83},"end":{"line":323,"column":97}},"type":"binary-expr","locations":[{"start":{"line":323,"column":83},"end":{"line":323,"column":91}},{"start":{"line":323,"column":95},"end":{"line":323,"column":97}}]},"46":{"loc":{"start":{"line":327,"column":21},"end":{"line":327,"column":73}},"type":"binary-expr","locations":[{"start":{"line":327,"column":21},"end":{"line":327,"column":46}},{"start":{"line":327,"column":50},"end":{"line":327,"column":73}}]},"47":{"loc":{"start":{"line":328,"column":21},"end":{"line":328,"column":73}},"type":"binary-expr","locations":[{"start":{"line":328,"column":21},"end":{"line":328,"column":46}},{"start":{"line":328,"column":50},"end":{"line":328,"column":73}}]},"48":{"loc":{"start":{"line":329,"column":28},"end":{"line":329,"column":80}},"type":"binary-expr","locations":[{"start":{"line":329,"column":28},"end":{"line":329,"column":53}},{"start":{"line":329,"column":57},"end":{"line":329,"column":80}}]},"49":{"loc":{"start":{"line":333,"column":4},"end":{"line":335,"column":5}},"type":"if","locations":[{"start":{"line":333,"column":4},"end":{"line":335,"column":5}},{"start":{},"end":{}}]},"50":{"loc":{"start":{"line":338,"column":4},"end":{"line":345,"column":5}},"type":"if","locations":[{"start":{"line":338,"column":4},"end":{"line":345,"column":5}},{"start":{},"end":{}}]},"51":{"loc":{"start":{"line":347,"column":4},"end":{"line":354,"column":5}},"type":"if","locations":[{"start":{"line":347,"column":4},"end":{"line":354,"column":5}},{"start":{},"end":{}}]},"52":{"loc":{"start":{"line":347,"column":8},"end":{"line":347,"column":52}},"type":"binary-expr","locations":[{"start":{"line":347,"column":8},"end":{"line":347,"column":18}},{"start":{"line":347,"column":22},"end":{"line":347,"column":52}}]},"53":{"loc":{"start":{"line":356,"column":28},"end":{"line":356,"column":101}},"type":"binary-expr","locations":[{"start":{"line":356,"column":28},"end":{"line":356,"column":38}},{"start":{"line":356,"column":42},"end":{"line":356,"column":56}},{"start":{"line":356,"column":60},"end":{"line":356,"column":101}}]},"54":{"loc":{"start":{"line":359,"column":17},"end":{"line":359,"column":66}},"type":"binary-expr","locations":[{"start":{"line":359,"column":17},"end":{"line":359,"column":27}},{"start":{"line":359,"column":31},"end":{"line":359,"column":66}}]},"55":{"loc":{"start":{"line":371,"column":8},"end":{"line":371,"column":59}},"type":"if","locations":[{"start":{"line":371,"column":8},"end":{"line":371,"column":59}},{"start":{},"end":{}}]},"56":{"loc":{"start":{"line":372,"column":8},"end":{"line":372,"column":59}},"type":"if","locations":[{"start":{"line":372,"column":8},"end":{"line":372,"column":59}},{"start":{},"end":{}}]},"57":{"loc":{"start":{"line":373,"column":8},"end":{"line":375,"column":9}},"type":"if","locations":[{"start":{"line":373,"column":8},"end":{"line":375,"column":9}},{"start":{},"end":{}}]},"58":{"loc":{"start":{"line":373,"column":13},"end":{"line":373,"column":29}},"type":"binary-expr","locations":[{"start":{"line":373,"column":13},"end":{"line":373,"column":24}},{"start":{"line":373,"column":28},"end":{"line":373,"column":29}}]},"59":{"loc":{"start":{"line":374,"column":93},"end":{"line":374,"column":109}},"type":"binary-expr","locations":[{"start":{"line":374,"column":93},"end":{"line":374,"column":104}},{"start":{"line":374,"column":108},"end":{"line":374,"column":109}}]},"60":{"loc":{"start":{"line":376,"column":8},"end":{"line":378,"column":9}},"type":"if","locations":[{"start":{"line":376,"column":8},"end":{"line":378,"column":9}},{"start":{},"end":{}}]},"61":{"loc":{"start":{"line":376,"column":13},"end":{"line":376,"column":29}},"type":"binary-expr","locations":[{"start":{"line":376,"column":13},"end":{"line":376,"column":24}},{"start":{"line":376,"column":28},"end":{"line":376,"column":29}}]},"62":{"loc":{"start":{"line":377,"column":93},"end":{"line":377,"column":109}},"type":"binary-expr","locations":[{"start":{"line":377,"column":93},"end":{"line":377,"column":104}},{"start":{"line":377,"column":108},"end":{"line":377,"column":109}}]},"63":{"loc":{"start":{"line":424,"column":4},"end":{"line":424,"column":38}},"type":"if","locations":[{"start":{"line":424,"column":4},"end":{"line":424,"column":38}},{"start":{},"end":{}}]},"64":{"loc":{"start":{"line":426,"column":35},"end":{"line":426,"column":49}},"type":"default-arg","locations":[{"start":{"line":426,"column":48},"end":{"line":426,"column":49}}]},"65":{"loc":{"start":{"line":426,"column":73},"end":{"line":426,"column":87}},"type":"binary-expr","locations":[{"start":{"line":426,"column":73},"end":{"line":426,"column":81}},{"start":{"line":426,"column":85},"end":{"line":426,"column":87}}]},"66":{"loc":{"start":{"line":431,"column":27},"end":{"line":431,"column":79}},"type":"binary-expr","locations":[{"start":{"line":431,"column":27},"end":{"line":431,"column":52}},{"start":{"line":431,"column":56},"end":{"line":431,"column":79}}]},"67":{"loc":{"start":{"line":434,"column":4},"end":{"line":436,"column":5}},"type":"if","locations":[{"start":{"line":434,"column":4},"end":{"line":436,"column":5}},{"start":{},"end":{}}]},"68":{"loc":{"start":{"line":439,"column":4},"end":{"line":446,"column":5}},"type":"if","locations":[{"start":{"line":439,"column":4},"end":{"line":446,"column":5}},{"start":{},"end":{}}]},"69":{"loc":{"start":{"line":439,"column":8},"end":{"line":439,"column":52}},"type":"binary-expr","locations":[{"start":{"line":439,"column":8},"end":{"line":439,"column":18}},{"start":{"line":439,"column":22},"end":{"line":439,"column":52}}]},"70":{"loc":{"start":{"line":448,"column":4},"end":{"line":455,"column":5}},"type":"if","locations":[{"start":{"line":448,"column":4},"end":{"line":455,"column":5}},{"start":{},"end":{}}]},"71":{"loc":{"start":{"line":448,"column":8},"end":{"line":448,"column":36}},"type":"binary-expr","locations":[{"start":{"line":448,"column":8},"end":{"line":448,"column":18}},{"start":{"line":448,"column":22},"end":{"line":448,"column":36}}]},"72":{"loc":{"start":{"line":457,"column":4},"end":{"line":459,"column":5}},"type":"if","locations":[{"start":{"line":457,"column":4},"end":{"line":459,"column":5}},{"start":{},"end":{}}]},"73":{"loc":{"start":{"line":457,"column":8},"end":{"line":457,"column":59}},"type":"binary-expr","locations":[{"start":{"line":457,"column":8},"end":{"line":457,"column":16}},{"start":{"line":457,"column":20},"end":{"line":457,"column":59}}]},"74":{"loc":{"start":{"line":461,"column":4},"end":{"line":463,"column":5}},"type":"if","locations":[{"start":{"line":461,"column":4},"end":{"line":463,"column":5}},{"start":{},"end":{}}]},"75":{"loc":{"start":{"line":461,"column":8},"end":{"line":461,"column":56}},"type":"binary-expr","locations":[{"start":{"line":461,"column":8},"end":{"line":461,"column":15}},{"start":{"line":461,"column":19},"end":{"line":461,"column":56}}]},"76":{"loc":{"start":{"line":466,"column":4},"end":{"line":473,"column":5}},"type":"if","locations":[{"start":{"line":466,"column":4},"end":{"line":473,"column":5}},{"start":{},"end":{}}]},"77":{"loc":{"start":{"line":466,"column":8},"end":{"line":466,"column":49}},"type":"binary-expr","locations":[{"start":{"line":466,"column":8},"end":{"line":466,"column":22}},{"start":{"line":466,"column":27},"end":{"line":466,"column":36}},{"start":{"line":466,"column":40},"end":{"line":466,"column":48}}]},"78":{"loc":{"start":{"line":468,"column":15},"end":{"line":468,"column":67}},"type":"cond-expr","locations":[{"start":{"line":468,"column":45},"end":{"line":468,"column":55}},{"start":{"line":468,"column":58},"end":{"line":468,"column":67}}]},"79":{"loc":{"start":{"line":468,"column":15},"end":{"line":468,"column":42}},"type":"binary-expr","locations":[{"start":{"line":468,"column":15},"end":{"line":468,"column":29}},{"start":{"line":468,"column":33},"end":{"line":468,"column":42}}]},"80":{"loc":{"start":{"line":482,"column":8},"end":{"line":482,"column":80}},"type":"if","locations":[{"start":{"line":482,"column":8},"end":{"line":482,"column":80}},{"start":{},"end":{}}]},"81":{"loc":{"start":{"line":485,"column":8},"end":{"line":487,"column":9}},"type":"if","locations":[{"start":{"line":485,"column":8},"end":{"line":487,"column":9}},{"start":{},"end":{}}]},"82":{"loc":{"start":{"line":490,"column":29},"end":{"line":490,"column":42}},"type":"binary-expr","locations":[{"start":{"line":490,"column":29},"end":{"line":490,"column":37}},{"start":{"line":490,"column":41},"end":{"line":490,"column":42}}]},"83":{"loc":{"start":{"line":491,"column":29},"end":{"line":491,"column":42}},"type":"binary-expr","locations":[{"start":{"line":491,"column":29},"end":{"line":491,"column":37}},{"start":{"line":491,"column":41},"end":{"line":491,"column":42}}]},"84":{"loc":{"start":{"line":508,"column":8},"end":{"line":508,"column":65}},"type":"if","locations":[{"start":{"line":508,"column":8},"end":{"line":508,"column":65}},{"start":{},"end":{}}]},"85":{"loc":{"start":{"line":509,"column":8},"end":{"line":509,"column":65}},"type":"if","locations":[{"start":{"line":509,"column":8},"end":{"line":509,"column":65}},{"start":{},"end":{}}]},"86":{"loc":{"start":{"line":511,"column":8},"end":{"line":513,"column":9}},"type":"if","locations":[{"start":{"line":511,"column":8},"end":{"line":513,"column":9}},{"start":{},"end":{}}]},"87":{"loc":{"start":{"line":511,"column":13},"end":{"line":511,"column":30}},"type":"binary-expr","locations":[{"start":{"line":511,"column":13},"end":{"line":511,"column":25}},{"start":{"line":511,"column":29},"end":{"line":511,"column":30}}]},"88":{"loc":{"start":{"line":512,"column":114},"end":{"line":512,"column":131}},"type":"binary-expr","locations":[{"start":{"line":512,"column":114},"end":{"line":512,"column":126}},{"start":{"line":512,"column":130},"end":{"line":512,"column":131}}]},"89":{"loc":{"start":{"line":514,"column":8},"end":{"line":516,"column":9}},"type":"if","locations":[{"start":{"line":514,"column":8},"end":{"line":516,"column":9}},{"start":{},"end":{}}]},"90":{"loc":{"start":{"line":514,"column":13},"end":{"line":514,"column":30}},"type":"binary-expr","locations":[{"start":{"line":514,"column":13},"end":{"line":514,"column":25}},{"start":{"line":514,"column":29},"end":{"line":514,"column":30}}]},"91":{"loc":{"start":{"line":515,"column":114},"end":{"line":515,"column":131}},"type":"binary-expr","locations":[{"start":{"line":515,"column":114},"end":{"line":515,"column":126}},{"start":{"line":515,"column":130},"end":{"line":515,"column":131}}]},"92":{"loc":{"start":{"line":524,"column":8},"end":{"line":557,"column":9}},"type":"if","locations":[{"start":{"line":524,"column":8},"end":{"line":557,"column":9}},{"start":{},"end":{}}]},"93":{"loc":{"start":{"line":524,"column":12},"end":{"line":524,"column":49}},"type":"binary-expr","locations":[{"start":{"line":524,"column":12},"end":{"line":524,"column":26}},{"start":{"line":524,"column":30},"end":{"line":524,"column":38}},{"start":{"line":524,"column":42},"end":{"line":524,"column":49}}]},"94":{"loc":{"start":{"line":526,"column":10},"end":{"line":528,"column":11}},"type":"if","locations":[{"start":{"line":526,"column":10},"end":{"line":528,"column":11}},{"start":{},"end":{}}]},"95":{"loc":{"start":{"line":537,"column":10},"end":{"line":537,"column":75}},"type":"if","locations":[{"start":{"line":537,"column":10},"end":{"line":537,"column":75}},{"start":{},"end":{}}]},"96":{"loc":{"start":{"line":538,"column":10},"end":{"line":540,"column":11}},"type":"if","locations":[{"start":{"line":538,"column":10},"end":{"line":540,"column":11}},{"start":{},"end":{}}]},"97":{"loc":{"start":{"line":538,"column":15},"end":{"line":538,"column":41}},"type":"binary-expr","locations":[{"start":{"line":538,"column":15},"end":{"line":538,"column":36}},{"start":{"line":538,"column":40},"end":{"line":538,"column":41}}]},"98":{"loc":{"start":{"line":539,"column":105},"end":{"line":539,"column":131}},"type":"binary-expr","locations":[{"start":{"line":539,"column":105},"end":{"line":539,"column":126}},{"start":{"line":539,"column":130},"end":{"line":539,"column":131}}]},"99":{"loc":{"start":{"line":550,"column":10},"end":{"line":552,"column":11}},"type":"if","locations":[{"start":{"line":550,"column":10},"end":{"line":552,"column":11}},{"start":{},"end":{}}]},"100":{"loc":{"start":{"line":570,"column":8},"end":{"line":572,"column":9}},"type":"if","locations":[{"start":{"line":570,"column":8},"end":{"line":572,"column":9}},{"start":{},"end":{}}]},"101":{"loc":{"start":{"line":584,"column":14},"end":{"line":584,"column":42}},"type":"binary-expr","locations":[{"start":{"line":584,"column":14},"end":{"line":584,"column":24}},{"start":{"line":584,"column":28},"end":{"line":584,"column":42}}]},"102":{"loc":{"start":{"line":585,"column":14},"end":{"line":585,"column":38}},"type":"binary-expr","locations":[{"start":{"line":585,"column":14},"end":{"line":585,"column":22}},{"start":{"line":585,"column":26},"end":{"line":585,"column":38}}]},"103":{"loc":{"start":{"line":586,"column":14},"end":{"line":586,"column":36}},"type":"binary-expr","locations":[{"start":{"line":586,"column":14},"end":{"line":586,"column":21}},{"start":{"line":586,"column":25},"end":{"line":586,"column":36}}]},"104":{"loc":{"start":{"line":631,"column":8},"end":{"line":660,"column":9}},"type":"if","locations":[{"start":{"line":631,"column":8},"end":{"line":660,"column":9}},{"start":{},"end":{}}]},"105":{"loc":{"start":{"line":631,"column":12},"end":{"line":631,"column":49}},"type":"binary-expr","locations":[{"start":{"line":631,"column":12},"end":{"line":631,"column":26}},{"start":{"line":631,"column":30},"end":{"line":631,"column":38}},{"start":{"line":631,"column":42},"end":{"line":631,"column":49}}]},"106":{"loc":{"start":{"line":678,"column":4},"end":{"line":678,"column":38}},"type":"if","locations":[{"start":{"line":678,"column":4},"end":{"line":678,"column":38}},{"start":{},"end":{}}]},"107":{"loc":{"start":{"line":679,"column":27},"end":{"line":679,"column":41}},"type":"binary-expr","locations":[{"start":{"line":679,"column":27},"end":{"line":679,"column":35}},{"start":{"line":679,"column":39},"end":{"line":679,"column":41}}]},"108":{"loc":{"start":{"line":682,"column":4},"end":{"line":689,"column":5}},"type":"if","locations":[{"start":{"line":682,"column":4},"end":{"line":689,"column":5}},{"start":{},"end":{}}]},"109":{"loc":{"start":{"line":691,"column":4},"end":{"line":698,"column":5}},"type":"if","locations":[{"start":{"line":691,"column":4},"end":{"line":698,"column":5}},{"start":{},"end":{}}]},"110":{"loc":{"start":{"line":715,"column":2},"end":{"line":717,"column":3}},"type":"if","locations":[{"start":{"line":715,"column":2},"end":{"line":717,"column":3}},{"start":{},"end":{}}]},"111":{"loc":{"start":{"line":723,"column":19},"end":{"line":725,"column":71}},"type":"binary-expr","locations":[{"start":{"line":723,"column":19},"end":{"line":723,"column":59}},{"start":{"line":724,"column":18},"end":{"line":724,"column":46}},{"start":{"line":725,"column":18},"end":{"line":725,"column":71}}]},"112":{"loc":{"start":{"line":727,"column":18},"end":{"line":728,"column":105}},"type":"binary-expr","locations":[{"start":{"line":727,"column":18},"end":{"line":727,"column":57}},{"start":{"line":728,"column":18},"end":{"line":728,"column":47}},{"start":{"line":728,"column":51},"end":{"line":728,"column":104}}]},"113":{"loc":{"start":{"line":731,"column":13},"end":{"line":731,"column":32}},"type":"binary-expr","locations":[{"start":{"line":731,"column":13},"end":{"line":731,"column":21}},{"start":{"line":731,"column":25},"end":{"line":731,"column":32}}]},"114":{"loc":{"start":{"line":733,"column":10},"end":{"line":733,"column":46}},"type":"binary-expr","locations":[{"start":{"line":733,"column":10},"end":{"line":733,"column":35}},{"start":{"line":733,"column":39},"end":{"line":733,"column":46}}]},"115":{"loc":{"start":{"line":744,"column":4},"end":{"line":751,"column":5}},"type":"if","locations":[{"start":{"line":744,"column":4},"end":{"line":751,"column":5}},{"start":{},"end":{}}]},"116":{"loc":{"start":{"line":755,"column":4},"end":{"line":763,"column":5}},"type":"if","locations":[{"start":{"line":755,"column":4},"end":{"line":763,"column":5}},{"start":{},"end":{}}]},"117":{"loc":{"start":{"line":766,"column":4},"end":{"line":785,"column":5}},"type":"if","locations":[{"start":{"line":766,"column":4},"end":{"line":785,"column":5}},{"start":{},"end":{}}]},"118":{"loc":{"start":{"line":775,"column":6},"end":{"line":784,"column":7}},"type":"if","locations":[{"start":{"line":775,"column":6},"end":{"line":784,"column":7}},{"start":{},"end":{}}]},"119":{"loc":{"start":{"line":800,"column":22},"end":{"line":802,"column":12}},"type":"cond-expr","locations":[{"start":{"line":801,"column":10},"end":{"line":801,"column":117}},{"start":{"line":802,"column":10},"end":{"line":802,"column":12}}]},"120":{"loc":{"start":{"line":815,"column":4},"end":{"line":822,"column":5}},"type":"if","locations":[{"start":{"line":815,"column":4},"end":{"line":822,"column":5}},{"start":{},"end":{}}]},"121":{"loc":{"start":{"line":826,"column":4},"end":{"line":834,"column":5}},"type":"if","locations":[{"start":{"line":826,"column":4},"end":{"line":834,"column":5}},{"start":{},"end":{}}]},"122":{"loc":{"start":{"line":861,"column":4},"end":{"line":868,"column":5}},"type":"if","locations":[{"start":{"line":861,"column":4},"end":{"line":868,"column":5}},{"start":{},"end":{}}]},"123":{"loc":{"start":{"line":872,"column":4},"end":{"line":880,"column":5}},"type":"if","locations":[{"start":{"line":872,"column":4},"end":{"line":880,"column":5}},{"start":{},"end":{}}]},"124":{"loc":{"start":{"line":884,"column":4},"end":{"line":893,"column":5}},"type":"if","locations":[{"start":{"line":884,"column":4},"end":{"line":893,"column":5}},{"start":{},"end":{}}]},"125":{"loc":{"start":{"line":911,"column":4},"end":{"line":918,"column":5}},"type":"if","locations":[{"start":{"line":911,"column":4},"end":{"line":918,"column":5}},{"start":{},"end":{}}]},"126":{"loc":{"start":{"line":924,"column":4},"end":{"line":928,"column":5}},"type":"if","locations":[{"start":{"line":924,"column":4},"end":{"line":928,"column":5}},{"start":{},"end":{}}]},"127":{"loc":{"start":{"line":932,"column":4},"end":{"line":938,"column":5}},"type":"if","locations":[{"start":{"line":932,"column":4},"end":{"line":938,"column":5}},{"start":{},"end":{}}]},"128":{"loc":{"start":{"line":948,"column":19},"end":{"line":948,"column":117}},"type":"cond-expr","locations":[{"start":{"line":948,"column":51},"end":{"line":948,"column":95}},{"start":{"line":948,"column":98},"end":{"line":948,"column":117}}]},"129":{"loc":{"start":{"line":973,"column":4},"end":{"line":973,"column":38}},"type":"if","locations":[{"start":{"line":973,"column":4},"end":{"line":973,"column":38}},{"start":{},"end":{}}]},"130":{"loc":{"start":{"line":975,"column":28},"end":{"line":975,"column":63}},"type":"default-arg","locations":[{"start":{"line":975,"column":42},"end":{"line":975,"column":63}}]},"131":{"loc":{"start":{"line":975,"column":68},"end":{"line":975,"column":82}},"type":"binary-expr","locations":[{"start":{"line":975,"column":68},"end":{"line":975,"column":76}},{"start":{"line":975,"column":80},"end":{"line":975,"column":82}}]},"132":{"loc":{"start":{"line":980,"column":24},"end":{"line":981,"column":95}},"type":"binary-expr","locations":[{"start":{"line":980,"column":24},"end":{"line":980,"column":49}},{"start":{"line":980,"column":54},"end":{"line":981,"column":94}}]},"133":{"loc":{"start":{"line":980,"column":54},"end":{"line":981,"column":94}},"type":"cond-expr","locations":[{"start":{"line":981,"column":8},"end":{"line":981,"column":87}},{"start":{"line":981,"column":90},"end":{"line":981,"column":94}}]},"134":{"loc":{"start":{"line":980,"column":54},"end":{"line":980,"column":85}},"type":"binary-expr","locations":[{"start":{"line":980,"column":54},"end":{"line":980,"column":75}},{"start":{"line":980,"column":79},"end":{"line":980,"column":85}}]},"135":{"loc":{"start":{"line":984,"column":4},"end":{"line":986,"column":5}},"type":"if","locations":[{"start":{"line":984,"column":4},"end":{"line":986,"column":5}},{"start":{},"end":{}}]},"136":{"loc":{"start":{"line":1001,"column":4},"end":{"line":1003,"column":5}},"type":"if","locations":[{"start":{"line":1001,"column":4},"end":{"line":1003,"column":5}},{"start":{},"end":{}}]},"137":{"loc":{"start":{"line":1005,"column":4},"end":{"line":1011,"column":5}},"type":"if","locations":[{"start":{"line":1005,"column":4},"end":{"line":1011,"column":5}},{"start":{},"end":{}}]},"138":{"loc":{"start":{"line":1014,"column":22},"end":{"line":1014,"column":43}},"type":"binary-expr","locations":[{"start":{"line":1014,"column":22},"end":{"line":1014,"column":37}},{"start":{"line":1014,"column":41},"end":{"line":1014,"column":43}}]},"139":{"loc":{"start":{"line":1019,"column":4},"end":{"line":1026,"column":5}},"type":"if","locations":[{"start":{"line":1019,"column":4},"end":{"line":1026,"column":5}},{"start":{},"end":{}}]},"140":{"loc":{"start":{"line":1029,"column":4},"end":{"line":1035,"column":5}},"type":"if","locations":[{"start":{"line":1029,"column":4},"end":{"line":1035,"column":5}},{"start":{},"end":{}}]},"141":{"loc":{"start":{"line":1046,"column":6},"end":{"line":1057,"column":7}},"type":"if","locations":[{"start":{"line":1046,"column":6},"end":{"line":1057,"column":7}},{"start":{"line":1055,"column":13},"end":{"line":1057,"column":7}}]},"142":{"loc":{"start":{"line":1052,"column":20},"end":{"line":1052,"column":51}},"type":"binary-expr","locations":[{"start":{"line":1052,"column":20},"end":{"line":1052,"column":38}},{"start":{"line":1052,"column":42},"end":{"line":1052,"column":51}}]},"143":{"loc":{"start":{"line":1060,"column":28},"end":{"line":1060,"column":56}},"type":"binary-expr","locations":[{"start":{"line":1060,"column":28},"end":{"line":1060,"column":51}},{"start":{"line":1060,"column":55},"end":{"line":1060,"column":56}}]}},"s":{"0":0,"1":0,"2":0,"3":0,"4":0,"5":0,"6":0,"7":0,"8":0,"9":0,"10":0,"11":0,"12":0,"13":0,"14":0,"15":0,"16":0,"17":0,"18":0,"19":0,"20":0,"21":0,"22":0,"23":0,"24":0,"25":0,"26":0,"27":0,"28":0,"29":0,"30":0,"31":0,"32":0,"33":0,"34":0,"35":0,"36":0,"37":0,"38":0,"39":0,"40":0,"41":0,"42":0,"43":0,"44":0,"45":0,"46":0,"47":0,"48":0,"49":0,"50":0,"51":0,"52":0,"53":0,"54":0,"55":0,"56":0,"57":0,"58":0,"59":0,"60":0,"61":0,"62":0,"63":0,"64":0,"65":0,"66":0,"67":0,"68":0,"69":0,"70":0,"71":0,"72":0,"73":0,"74":0,"75":0,"76":0,"77":0,"78":0,"79":0,"80":0,"81":0,"82":0,"83":0,"84":0,"85":0,"86":0,"87":0,"88":0,"89":0,"90":0,"91":0,"92":0,"93":0,"94":0,"95":0,"96":0,"97":0,"98":0,"99":0,"100":0,"101":0,"102":0,"103":0,"104":0,"105":0,"106":0,"107":0,"108":0,"109":0,"110":0,"111":0,"112":0,"113":0,"114":0,"115":0,"116":0,"117":0,"118":0,"119":0,"120":0,"121":0,"122":0,"123":0,"124":0,"125":0,"126":0,"127":0,"128":0,"129":0,"130":0,"131":0,"132":0,"133":0,"134":0,"135":0,"136":0,"137":0,"138":0,"139":0,"140":0,"141":0,"142":0,"143":0,"144":0,"145":0,"146":0,"147":0,"148":0,"149":0,"150":0,"151":0,"152":0,"153":0,"154":0,"155":0,"156":0,"157":0,"158":0,"159":0,"160":0,"161":0,"162":0,"163":0,"164":0,"165":0,"166":0,"167":0,"168":0,"169":0,"170":0,"171":0,"172":0,"173":0,"174":0,"175":0,"176":0,"177":0,"178":0,"179":0,"180":0,"181":0,"182":0,"183":0,"184":0,"185":0,"186":0,"187":0,"188":0,"189":0,"190":0,"191":0,"192":0,"193":0,"194":0,"195":0,"196":0,"197":0,"198":0,"199":0,"200":0,"201":0,"202":0,"203":0,"204":0,"205":0,"206":0,"207":0,"208":0,"209":0,"210":0,"211":0,"212":0,"213":0,"214":0,"215":0,"216":0,"217":0,"218":0,"219":0,"220":0,"221":0,"222":0,"223":0,"224":0,"225":0,"226":0,"227":0,"228":0,"229":0,"230":0,"231":0,"232":0,"233":0,"234":0,"235":0,"236":0,"237":0,"238":0,"239":0,"240":0,"241":0,"242":0,"243":0,"244":0,"245":0,"246":0,"247":0,"248":0,"249":0,"250":0,"251":0,"252":0,"253":0,"254":0,"255":0,"256":0,"257":0,"258":0,"259":0,"260":0,"261":0,"262":0,"263":0,"264":0,"265":0,"266":0,"267":0,"268":0,"269":0,"270":0,"271":0,"272":0,"273":0,"274":0,"275":0,"276":0,"277":0,"278":0,"279":0,"280":0,"281":0,"282":0,"283":0,"284":0,"285":0,"286":0,"287":0,"288":0,"289":0,"290":0,"291":0,"292":0,"293":0,"294":0,"295":0,"296":0,"297
[...]
:57,"column":5}},{"start":{},"end":{}}]},"10":{"loc":{"start":{"line":55,"column":8},"end":{"line":55,"column":50}},"type":"binary-expr","locations":[{"start":{"line":55,"column":8},"end":{"line":55,"column":24}},{"start":{"line":55,"column":28},"end":{"line":55,"column":50}}]},"11":{"loc":{"start":{"line":58,"column":4},"end":{"line":60,"column":5}},"type":"if","locations":[{"start":{"line":58,"column":4},"end":{"line":60,"column":5}},{"start":{},"end":{}}]},"12":{"loc":{"start":{"line":58,"column":8},"end":{"line":58,"column":55}},"type":"binary-expr","locations":[{"start":{"line":58,"column":8},"end":{"line":58,"column":34}},{"start":{"line":58,"column":38},"end":{"line":58,"column":55}}]},"13":{"loc":{"start":{"line":61,"column":4},"end":{"line":63,"column":5}},"type":"if","locations":[{"start":{"line":61,"column":4},"end":{"line":63,"column":5}},{"start":{},"end":{}}]},"14":{"loc":{"start":{"line":61,"column":8},"end":{"line":61,"column":55}},"type":"binary-expr","locations":[{"start":{"line":61,"column":8},"end":{"line":61,"column":34}},{"start":{"line":61,"column":38},"end":{"line":61,"column":55}}]},"15":{"loc":{"start":{"line":68,"column":4},"end":{"line":70,"column":5}},"type":"if","locations":[{"start":{"line":68,"column":4},"end":{"line":70,"column":5}},{"start":{},"end":{}}]},"16":{"loc":{"start":{"line":72,"column":4},"end":{"line":74,"column":5}},"type":"if","locations":[{"start":{"line":72,"column":4},"end":{"line":74,"column":5}},{"start":{},"end":{}}]},"17":{"loc":{"start":{"line":79,"column":4},"end":{"line":81,"column":5}},"type":"if","locations":[{"start":{"line":79,"column":4},"end":{"line":81,"column":5}},{"start":{},"end":{}}]},"18":{"loc":{"start":{"line":82,"column":4},"end":{"line":84,"column":5}},"type":"if","locations":[{"start":{"line":82,"column":4},"end":{"line":84,"column":5}},{"start":{},"end":{}}]},"19":{"loc":{"start":{"line":85,"column":4},"end":{"line":87,"column":5}},"type":"if","locations":[{"start":{"line":85,"column":4},"end":{"line":87,"column":5}},{"start":{},"end":{}}]},"20":{"loc":{"start":{"line":85,"column":8},"end":{"line":85,"column":45}},"type":"binary-expr","locations":[{"start":{"line":85,"column":8},"end":{"line":85,"column":24}},{"start":{"line":85,"column":28},"end":{"line":85,"column":45}}]},"21":{"loc":{"start":{"line":93,"column":4},"end":{"line":95,"column":5}},"type":"if","locations":[{"start":{"line":93,"column":4},"end":{"line":95,"column":5}},{"start":{},"end":{}}]},"22":{"loc":{"start":{"line":96,"column":4},"end":{"line":98,"column":5}},"type":"if","locations":[{"start":{"line":96,"column":4},"end":{"line":98,"column":5}},{"start":{},"end":{}}]},"23":{"loc":{"start":{"line":99,"column":4},"end":{"line":101,"column":5}},"type":"if","locations":[{"start":{"line":99,"column":4},"end":{"line":101,"column":5}},{"start":{},"end":{}}]},"24":{"loc":{"start":{"line":102,"column":4},"end":{"line":104,"column":5}},"type":"if","locations":[{"start":{"line":102,"column":4},"end":{"line":104,"column":5}},{"start":{},"end":{}}]},"25":{"loc":{"start":{"line":114,"column":4},"end":{"line":116,"column":5}},"type":"if","locations":[{"start":{"line":114,"column":4},"end":{"line":116,"column":5}},{"start":{},"end":{}}]},"26":{"loc":{"start":{"line":137,"column":2},"end":{"line":152,"column":3}},"type":"if","locations":[{"start":{"line":137,"column":2},"end":{"line":152,"column":3}},{"start":{"line":145,"column":9},"end":{"line":152,"column":3}}]},"27":{"loc":{"start":{"line":143,"column":10},"end":{"line":143,"column":53}},"type":"binary-expr","locations":[{"start":{"line":143,"column":10},"end":{"line":143,"column":23}},{"start":{"line":143,"column":27},"end":{"line":143,"column":53}}]}},"s":{"0":3,"1":3,"2":3,"3":3,"4":8,"5":8,"6":8,"7":8,"8":8,"9":3,"10":3,"11":12,"12":7,"13":5,"14":5,"15":1,"16":4,"17":1,"18":3,"19":1,"20":2,"21":9,"22":9,"23":2,"24":7,"25":1,"26":6,"27":1,"28":5,"29":1,"30":4,"31":14,"32":1,"33":13,"34":13,"35":5,"36":8,"37":17,"38":0,"39":17,"40":4,"41":13,"42":5,"43":8,"44":22,"45":22,"46":1,"47":21,"48":6,"49":15,"50":3,"51":12,"52":3,"53":9,"54":3,"55":3,"56":7,"57":7,"58":3,"59":3,"60":1,"61":1,"62":2,"63":2,"64":1,"65":1,"66":1,"67":1,"68":3,"69":2,"70":2,"71":1,"72":1,"73":1,"74":0,"75":0,"76":0,"77":0},"f":{"0":8,"1":12,"2":5,"3":9,"4":14,"5":17,"6":22,"7":3,"8":1,"9":2,"10":2,"11":2,"12":2,"13":1,"14":1,"15":1,"16":0,"17":0,"18":0,"19":0},"b":{"0":[0],"1":[7,5],"2":[12,7],"3":[1,4],"4":[1,3],"5":[4,2],"6":[1,2],"7":[3,2],"8":[2,7],"9":[1,6],"10":[7,2],"11":[1,5],"12":[6,1],"13":[1,4],"14":[5,1],"15":[1,13],"16":[5,8],"17":[0,17],"18":[4,13],"19":[5,8],"20":[13,11],"21":[1,21],"22":[6,15],"23":[3,12],"24":[3,9],"25":[3,4],"26":[1,1],"27":[1,1]}}
,"C:\\Users\\aebon\\projects\\pharmapp-mobile\\functions\\src\\shared\\auth\\unified-auth-service.ts": {"path":"C:\\Users\\aebon\\projects\\pharmapp-mobile\\functions\\src\\shared\\auth\\unified-auth-service.ts","statementMap":{"0":{"start":{"line":1,"column":0},"end":{"line":1,"column":58}},"1":{"start":{"line":2,"column":0},"end":{"line":2,"column":68}},"2":{"start":{"line":12,"column":24},"end":{"line":12,"column":33}},"3":{"start":{"line":13,"column":22},"end":{"line":13,"column":36}},"4":{"start":{"line":25,"column":55},"end":{"line":25,"column":61}},"5":{"start":{"line":26,"column":40},"end":{"line":26,"column":44}},"6":{"start":{"line":28,"column":4},"end":{"line":78,"column":5}},"7":{"start":{"line":29,"column":6},"end":{"line":29,"column":96}},"8":{"start":{"line":32,"column":6},"end":{"line":36,"column":9}},"9":{"start":{"line":37,"column":6},"end":{"line":37,"column":75}},"10":{"start":{"line":40,"column":34},"end":{"line":50,"column":8}},"11":{"start":{"line":53,"column":29},"end":{"line":53,"column":61}},"12":{"start":{"line":54,"column":6},"end":{"line":54,"column":92}},"13":{"start":{"line":55,"column":6},"end":{"line":55,"column":85}},"14":{"start":{"line":58,"column":6},"end":{"line":58,"column":64}},"15":{"start":{"line":59,"column":6},"end":{"line":59,"column":83}},"16":{"start":{"line":61,"column":6},"end":{"line":61,"column":55}},"17":{"start":{"line":64,"column":6},"end":{"line":64,"column":71}},"18":{"start":{"line":67,"column":6},"end":{"line":75,"column":7}},"19":{"start":{"line":68,"column":8},"end":{"line":74,"column":9}},"20":{"start":{"line":69,"column":10},"end":{"line":69,"column":69}},"21":{"start":{"line":70,"column":10},"end":{"line":70,"column":53}},"22":{"start":{"line":71,"column":10},"end":{"line":71,"column":63}},"23":{"start":{"line":73,"column":10},"end":{"line":73,"column":85}},"24":{"start":{"line":77,"column":6},"end":{"line":77,"column":18}},"25":{"start":{"line":93,"column":4},"end":{"line":93,"column":38}},"26":{"start":{"line":95,"column":24},"end":{"line":103,"column":6}},"27":{"start":{"line":105,"column":4},"end":{"line":110,"column":7}},"28":{"start":{"line":126,"column":4},"end":{"line":126,"column":37}},"29":{"start":{"line":128,"column":24},"end":{"line":141,"column":6}},"30":{"start":{"line":143,"column":4},"end":{"line":148,"column":7}},"31":{"start":{"line":161,"column":4},"end":{"line":161,"column":35}},"32":{"start":{"line":163,"column":22},"end":{"line":163,"column":44}},"33":{"start":{"line":164,"column":24},"end":{"line":169,"column":6}},"34":{"start":{"line":171,"column":4},"end":{"line":176,"column":7}},"35":{"start":{"line":183,"column":21},"end":{"line":183,"column":84}},"36":{"start":{"line":184,"column":4},"end":{"line":188,"column":5}},"37":{"start":{"line":185,"column":6},"end":{"line":187,"column":7}},"38":{"start":{"line":186,"column":8},"end":{"line":186,"column":69}},"39":{"start":{"line":191,"column":4},"end":{"line":193,"column":5}},"40":{"start":{"line":192,"column":6},"end":{"line":192,"column":46}},"41":{"start":{"line":196,"column":4},"end":{"line":198,"column":5}},"42":{"start":{"line":197,"column":6},"end":{"line":197,"column":69}},"43":{"start":{"line":205,"column":21},"end":{"line":205,"column":100}},"44":{"start":{"line":206,"column":4},"end":{"line":210,"column":5}},"45":{"start":{"line":207,"column":6},"end":{"line":209,"column":7}},"46":{"start":{"line":208,"column":8},"end":{"line":208,"column":68}},"47":{"start":{"line":213,"column":4},"end":{"line":215,"column":5}},"48":{"start":{"line":214,"column":6},"end":{"line":214,"column":46}},"49":{"start":{"line":218,"column":4},"end":{"line":220,"column":5}},"50":{"start":{"line":219,"column":6},"end":{"line":219,"column":69}},"51":{"start":{"line":227,"column":21},"end":{"line":227,"column":54}},"52":{"start":{"line":228,"column":4},"end":{"line":232,"column":5}},"53":{"start":{"line":229,"column":6},"end":{"line":231,"column":7}},"54":{"start":{"line":230,"column":8},"end":{"line":230,"column":66}},"55":{"start":{"line":235,"column":4},"end":{"line":237,"column":5}},"56":{"start":{"line":236,"column":6},"end":{"line":236,"column":46}},"57":{"start":{"line":240,"column":4},"end":{"line":242,"column":5}},"58":{"start":{"line":241,"column":6},"end":{"line":241,"column":69}},"59":{"start":{"line":245,"column":4},"end":{"line":247,"column":5}},"60":{"start":{"line":246,"column":6},"end":{"line":246,"column":78}},"61":{"start":{"line":254,"column":24},"end":{"line":258,"column":6}},"62":{"start":{"line":259,"column":4},"end":{"line":259,"column":33}},"63":{"start":{"line":267,"column":15},"end":{"line":267,"column":16}},"64":{"start":{"line":268,"column":4},"end":{"line":272,"column":5}},"65":{"start":{"line":268,"column":17},"end":{"line":268,"column":18}},"66":{"start":{"line":269,"column":19},"end":{"line":269,"column":38}},"67":{"start":{"line":270,"column":6},"end":{"line":270,"column":41}},"68":{"start":{"line":271,"column":6},"end":{"line":271,"column":25}},"69":{"start":{"line":273,"column":4},"end":{"line":273,"column":55}},"70":{"start":{"line":283,"column":4},"end":{"line":302,"column":5}},"71":{"start":{"line":285,"column":25},"end":{"line":293,"column":8}},"72":{"start":{"line":295,"column":6},"end":{"line":295,"column":70}},"73":{"start":{"line":296,"column":6},"end":{"line":296,"column":93}},"74":{"start":{"line":299,"column":6},"end":{"line":299,"column":92}},"75":{"start":{"line":313,"column":30},"end":{"line":313,"column":32}},"76":{"start":{"line":315,"column":4},"end":{"line":369,"column":5}},"77":{"start":{"line":317,"column":25},"end":{"line":317,"column":62}},"78":{"start":{"line":318,"column":18},"end":{"line":318,"column":32}},"79":{"start":{"line":321,"column":26},"end":{"line":321,"column":62}},"80":{"start":{"line":322,"column":6},"end":{"line":328,"column":7}},"81":{"start":{"line":323,"column":20},"end":{"line":323,"column":71}},"82":{"start":{"line":324,"column":8},"end":{"line":327,"column":9}},"83":{"start":{"line":325,"column":10},"end":{"line":325,"column":33}},"84":{"start":{"line":326,"column":10},"end":{"line":326,"column":53}},"85":{"start":{"line":331,"column":29},"end":{"line":333,"column":14}},"86":{"start":{"line":335,"column":6},"end":{"line":340,"column":7}},"87":{"start":{"line":336,"column":22},"end":{"line":336,"column":37}},"88":{"start":{"line":337,"column":8},"end":{"line":337,"column":66}},"89":{"start":{"line":337,"column":43},"end":{"line":337,"column":64}},"90":{"start":{"line":338,"column":8},"end":{"line":338,"column":29}},"91":{"start":{"line":339,"column":8},"end":{"line":339,"column":71}},"92":{"start":{"line":343,"column":24},"end":{"line":343,"column":74}},"93":{"start":{"line":344,"column":6},"end":{"line":347,"column":7}},"94":{"start":{"line":345,"column":8},"end":{"line":345,"column":37}},"95":{"start":{"line":346,"column":8},"end":{"line":346,"column":39}},"96":{"start":{"line":350,"column":6},"end":{"line":350,"column":38}},"97":{"start":{"line":351,"column":6},"end":{"line":351,"column":49}},"98":{"start":{"line":353,"column":6},"end":{"line":357,"column":8}},"99":{"start":{"line":360,"column":6},"end":{"line":366,"column":7}},"100":{"start":{"line":361,"column":8},"end":{"line":365,"column":10}},"101":{"start":{"line":368,"column":6},"end":{"line":368,"column":18}},"102":{"start":{"line":11,"column":0},"end":{"line":11,"column":13}}},"fnMap":{"0":{"name":"(anonymous_0)","decl":{"start":{"line":19,"column":2},"end":{"line":19,"column":8}},"loc":{"start":{"line":24,"column":3},"end":{"line":79,"column":3}}},"1":{"name":"(anonymous_1)","decl":{"start":{"line":84,"column":2},"end":{"line":84,"column":8}},"loc":{"start":{"line":91,"column":3},"end":{"line":111,"column":3}}},"2":{"name":"(anonymous_2)","decl":{"start":{"line":116,"column":2},"end":{"line":116,"column":8}},"loc":{"start":{"line":124,"column":3},"end":{"line":149,"column":3}}},"3":{"name":"(anonymous_3)","decl":{"start":{"line":154,"column":2},"end":{"line":154,"column":8}},"loc":{"start":{"line":159,"column":3},"end":{"line":177,"column":3}}},"4":{"name":"(anonymous_4)","decl":{"start":{"line":182,"column":10},"end":{"line":182,"column":16}},"loc":{"start":{"line":182,"column":49},"end":{"line":199,"column":3}}},"5":{"name":"(anonymous_5)","decl":{"start":{"line":204,"column":10},"end":{"line":204,"column":16}},"loc":{"start":{"line":204,"column":48},"end":{"line":221,"column":3}}},"6":{"name":"(anonymous_6)","decl":{"start":{"line":226,"column":10},"end":{"line":226,"column":16}},"loc":{"start":{"line":226,"column":46},"end":{"line":248,"column":3}}},"7":{"name":"(anonymous_7)","decl":{"start":{"line":253,"column":10},"end":{"line":253,"column":16}},"loc":{"start":{"line":253,"column":77},"end":{"line":260,"column":3}}},"8":{"name":"(anonymous_8)","decl":{"start":{"line":265,"column":10},"end":{"line":265,"column":16}},"loc":{"start":{"line":265,"column":40},"end":{"line":274,"column":3}}},"9":{"name":"(anonymous_9)","decl":{"start":{"line":279,"column":10},"end":{"line":279,"column":16}},"loc":{"start":{"line":281,"column":46},"end":{"line":303,"column":3}}},"10":{"name":"(anonymous_10)","decl":{"start":{"line":308,"column":2},"end":{"line":308,"column":8}},"loc":{"start":{"line":308,"column":46},"end":{"line":370,"column":3}}},"11":{"name":"(anonymous_11)","decl":{"start":{"line":337,"column":36},"end":{"line":337,"column":39}},"loc":{"start":{"line":337,"column":43},"end":{"line":337,"column":64}}}},"branchMap":{"0":{"loc":{"start":{"line":67,"column":6},"end":{"line":75,"column":7}},"type":"if","locations":[{"start":{"line":67,"column":6},"end":{"line":75,"column":7}},{"start":{},"end":{}}]},"1":{"loc":{"start":{"line":102,"column":10},"end":{"line":102,"column":70}},"type":"binary-expr","locations":[{"start":{"line":102,"column":10},"end":{"line":102,"column":29}},{"start":{"line":102,"column":33},"end":{"line":102,"column":70}}]},"2":{"loc":{"start":{"line":134,"column":21},"end":{"line":134,"column":47}},"type":"binary-expr","locations":[{"start":{"line":134,"column":21},"end":{"line":134,"column":41}},{"start":{"line":134,"column":45},"end":{"line":134,"column":47}}]},"3":{"loc":{"start":{"line":163,"column":22},"end":{"line":163,"column":44}},"type":"binary-expr","locations":[{"start":{"line":163,"column":22},"end":{"line":163,"column":33}},{"start":{"line":163,"column":37},"end":{"line":163,"column":44}}]},"4":{"loc":{"start":{"line":168,"column":19},"end":{"line":168,"column":68}},"type":"cond-expr","locations":[{"start":{"line":168,"column":49},"end":{"line":168,"column":56}},{"start":{"line":168,"column":59},"end":{"line":168,"column":68}}]},"5":{"loc":{"start":{"line":185,"column":6},"end":{"line":187,"column":7}},"type":"if","locations":[{"start":{"line":185,"column":6},"end":{"line":187,"column":7}},{"start":{},"end":{}}]},"6":{"loc":{"start":{"line":185,"column":10},"end":{"line":185,"column":55}},"type":"binary-expr","locations":[{"start":{"line":185,"column":10},"end":{"line":185,"column":24}},{"start":{"line":185,"column":28},"end":{"line":185,"column":55}}]},"7":{"loc":{"start":{"line":191,"column":4},"end":{"line":193,"column":5}},"type":"if","locations":[{"start":{"line":191,"column":4},"end":{"line":193,"column":5}},{"start":{},"end":{}}]},"8":{"loc":{"start":{"line":196,"column":4},"end":{"line":198,"column":5}},"type":"if","locations":[{"start":{"line":196,"column":4},"end":{"line":198,"column":5}},{"start":{},"end":{}}]},"9":{"loc":{"start":{"line":207,"column":6},"end":{"line":209,"column":7}},"type":"if","locations":[{"start":{"line":207,"column":6},"end":{"line":209,"column":7}},{"start":{},"end":{}}]},"10":{"loc":{"start":{"line":207,"column":10},"end":{"line":207,"column":55}},"type":"binary-expr","locations":[{"start":{"line":207,"column":10},"end":{"line":207,"column":24}},{"start":{"line":207,"column":28},"end":{"line":207,"column":55}}]},"11":{"loc":{"start":{"line":213,"column":4},"end":{"line":215,"column":5}},"type":"if","locations":[{"start":{"line":213,"column":4},"end":{"line":215,"column":5}},{"start":{},"end":{}}]},"12":{"loc":{"start":{"line":218,"column":4},"end":{"line":220,"column":5}},"type":"if","locations":[{"start":{"line":218,"column":4},"end":{"line":220,"column":5}},{"start":{},"end":{}}]},"13":{"loc":{"start":{"line":229,"column":6},"end":{"line":231,"column":7}},"type":"if","locations":[{"start":{"line":229,"column":6},"end":{"line":231,"column":7}},{"start":{},"end":{}}]},"14":{"loc":{"start":{"line":229,"column":10},"end":{"line":229,"column":55}},"type":"binary-expr","locations":[{"start":{"line":229,"column":10},"end":{"line":229,"column":24}},{"start":{"line":229,"column":28},"end":{"line":229,"column":55}}]},"15":{"loc":{"start":{"line":235,"column":4},"end":{"line":237,"column":5}},"type":"if","locations":[{"start":{"line":235,"column":4},"end":{"line":237,"column":5}},{"start":{},"end":{}}]},"16":{"loc":{"start":{"line":240,"column":4},"end":{"line":242,"column":5}},"type":"if","locations":[{"start":{"line":240,"column":4},"end":{"line":242,"column":5}},{"start":{},"end":{}}]},"17":{"loc":{"start":{"line":245,"column":4},"end":{"line":247,"column":5}},"type":"if","locations":[{"start":{"line":245,"column":4},"end":{"line":247,"column":5}},{"start":{},"end":{}}]},"18":{"loc":{"start":{"line":245,"column":8},"end":{"line":245,"column":70}},"type":"binary-expr","locations":[{"start":{"line":245,"column":8},"end":{"line":245,"column":19}},{"start":{"line":245,"column":23},"end":{"line":245,"column":70}}]},"19":{"loc":{"start":{"line":324,"column":8},"end":{"line":327,"column":9}},"type":"if","locations":[{"start":{"line":324,"column":8},"end":{"line":327,"column":9}},{"start":{},"end":{}}]},"20":{"loc":{"start":{"line":335,"column":6},"end":{"line":340,"column":7}},"type":"if","locations":[{"start":{"line":335,"column":6},"end":{"line":340,"column":7}},{"start":{},"end":{}}]},"21":{"loc":{"start":{"line":344,"column":6},"end":{"line":347,"column":7}},"type":"if","locations":[{"start":{"line":344,"column":6},"end":{"line":347,"column":7}},{"start":{},"end":{}}]},"22":{"loc":{"start":{"line":360,"column":6},"end":{"line":366,"column":7}},"type":"if","locations":[{"start":{"line":360,"column":6},"end":{"line":366,"column":7}},{"start":{},"end":{}}]}},"s":{"0":0,"1":0,"2":0,"3":0,"4":0,"5":0,"6":0,"7":0,"8":0,"9":0,"10":0,"11":0,"12":0,"13":0,"14":0,"15":0,"16":0,"17":0,"18":0,"19":0,"20":0,"21":0,"22":0,"23":0,"24":0,"25":0,"26":0,"27":0,"28":0,"29":0,"30":0,"31":0,"32":0,"33":0,"34":0,"35":0,"36":0,"37":0,"38":0,"39":0,"40":0,"41":0,"42":0,"43":0,"44":0,"45":0,"46":0,"47":0,"48":0,"49":0,"50":0,"51":0,"52":0,"53":0,"54":0,"55":0,"56":0,"57":0,"58":0,"59":0,"60":0,"61":0,"62":0,"63":0,"64":0,"65":0,"66":0,"67":0,"68":0,"69":0,"70":0,"71":0,"72":0,"73":0,"74":0,"75":0,"76":0,"77":0,"78":0,"79":0,"80":0,"81":0,"82":0,"83":0,"84":0,"85":0,"86":0,"87":0,"88":0,"89":0,"90":0,"91":0,"92":0,"93":0,"94":0,"95":0,"96":0,"97":0,"98":0,"99":0,"100":0,"101":0,"102":0},"f":{"0":0,"1":0,"2":0,"3":0,"4":0,"5":0,"6":0,"7":0,"8":0,"9":0,"10":0,"11":0},"b":{"0":[0,0],"1":[0,0],"2":[0,0],"3":[0,0],"4":[0,0],"5":[0,0],"6":[0,0],"7":[0,0],"8":[0,0],"9":[0,0],"10":[0,0],"11":[0,0],"12":[0,0],"13":[0,0],"14":[0,0],"15":[0,0],"16":[0,0],"17":[0,0],"18":[0,0],"19":[0,0],"20":[0,0],"21":[0,0],"22":[0,0]}}
}
