TN:
SF:src\cleanup.ts
FN:19,(anonymous_0)
FN:124,(anonymous_1)
FN:141,(anonymous_2)
FN:159,(anonymous_3)
FNF:4
FNH:0
FNDA:0,(anonymous_0)
FNDA:0,(anonymous_1)
FNDA:0,(anonymous_2)
FNDA:0,(anonymous_3)
DA:1,0
DA:2,0
DA:3,0
DA:19,0
DA:21,0
DA:22,0
DA:23,0
DA:25,0
DA:26,0
DA:27,0
DA:30,0
DA:32,0
DA:34,0
DA:35,0
DA:39,0
DA:43,0
DA:47,0
DA:48,0
DA:49,0
DA:53,0
DA:56,0
DA:58,0
DA:59,0
DA:61,0
DA:62,0
DA:65,0
DA:66,0
DA:67,0
DA:69,0
DA:70,0
DA:72,0
DA:77,0
DA:78,0
DA:81,0
DA:82,0
DA:83,0
DA:84,0
DA:86,0
DA:90,0
DA:91,0
DA:92,0
DA:93,0
DA:95,0
DA:99,0
DA:100,0
DA:101,0
DA:102,0
DA:104,0
DA:108,0
DA:109,0
DA:110,0
DA:111,0
DA:113,0
DA:117,0
DA:118,0
DA:122,0
DA:123,0
DA:124,0
DA:125,0
DA:126,0
DA:127,0
DA:130,0
DA:134,0
DA:135,0
DA:139,0
DA:140,0
DA:141,0
DA:142,0
DA:143,0
DA:144,0
DA:147,0
DA:151,0
DA:152,0
DA:157,0
DA:158,0
DA:159,0
DA:160,0
DA:161,0
DA:162,0
DA:165,0
DA:169,0
DA:170,0
DA:171,0
DA:173,0
DA:174,0
DA:178,0
DA:188,0
DA:189,0
LF:88
LH:0
BRDA:25,0,0,0
BRDA:25,0,1,0
BRDA:32,1,0,0
BRDA:32,1,1,0
BRDA:34,2,0,0
BRDA:34,2,1,0
BRDA:43,3,0,0
BRDA:43,3,1,0
BRDA:43,3,2,0
BRDA:47,4,0,0
BRDA:47,4,1,0
BRDA:69,5,0,0
BRDA:69,5,1,0
BRDA:77,6,0,0
BRDA:77,6,1,0
BRDA:122,7,0,0
BRDA:122,7,1,0
BRDA:139,8,0,0
BRDA:139,8,1,0
BRDA:157,9,0,0
BRDA:157,9,1,0
BRDA:182,10,0,0
BRDA:182,10,1,0
BRF:23
BRH:0
end_of_record
TN:
SF:src\index.ts
FN:15,(anonymous_10)
FN:16,(anonymous_11)
FN:27,requireJson
FN:40,getInboundToken
FN:45,walletInit
FN:50,(anonymous_15)
FN:57,(anonymous_16)
FN:58,(anonymous_17)
FN:59,(anonymous_18)
FN:60,(anonymous_19)
FN:64,(anonymous_20)
FN:92,(anonymous_21)
FN:100,(anonymous_22)
FN:101,(anonymous_23)
FN:143,handleWebhook
FN:170,(anonymous_25)
FN:171,(anonymous_26)
FN:253,(anonymous_27)
FN:261,(anonymous_28)
FN:286,(anonymous_29)
FN:294,(anonymous_30)
FN:319,(anonymous_31)
FN:327,(anonymous_32)
FN:328,(anonymous_33)
FN:329,(anonymous_34)
FN:360,(anonymous_35)
FN:361,(anonymous_36)
FN:422,(anonymous_37)
FN:431,(anonymous_38)
FN:475,(anonymous_39)
FN:476,(anonymous_40)
FN:662,(anonymous_41)
FN:676,(anonymous_42)
FN:700,(anonymous_43)
FN:712,getValidSubscription
FN:740,(anonymous_45)
FN:811,(anonymous_46)
FN:857,(anonymous_47)
FN:907,(anonymous_48)
FN:971,(anonymous_49)
FN:980,(anonymous_50)
FN:1017,(anonymous_51)
FN:1041,(anonymous_52)
FNF:43
FNH:0
FNDA:0,(anonymous_10)
FNDA:0,(anonymous_11)
FNDA:0,requireJson
FNDA:0,getInboundToken
FNDA:0,walletInit
FNDA:0,(anonymous_15)
FNDA:0,(anonymous_16)
FNDA:0,(anonymous_17)
FNDA:0,(anonymous_18)
FNDA:0,(anonymous_19)
FNDA:0,(anonymous_20)
FNDA:0,(anonymous_21)
FNDA:0,(anonymous_22)
FNDA:0,(anonymous_23)
FNDA:0,handleWebhook
FNDA:0,(anonymous_25)
FNDA:0,(anonymous_26)
FNDA:0,(anonymous_27)
FNDA:0,(anonymous_28)
FNDA:0,(anonymous_29)
FNDA:0,(anonymous_30)
FNDA:0,(anonymous_31)
FNDA:0,(anonymous_32)
FNDA:0,(anonymous_33)
FNDA:0,(anonymous_34)
FNDA:0,(anonymous_35)
FNDA:0,(anonymous_36)
FNDA:0,(anonymous_37)
FNDA:0,(anonymous_38)
FNDA:0,(anonymous_39)
FNDA:0,(anonymous_40)
FNDA:0,(anonymous_41)
FNDA:0,(anonymous_42)
FNDA:0,(anonymous_43)
FNDA:0,getValidSubscription
FNDA:0,(anonymous_45)
FNDA:0,(anonymous_46)
FNDA:0,(anonymous_47)
FNDA:0,(anonymous_48)
FNDA:0,(anonymous_49)
FNDA:0,(anonymous_50)
FNDA:0,(anonymous_51)
FNDA:0,(anonymous_52)
DA:1,0
DA:2,0
DA:3,0
DA:5,0
DA:6,0
DA:8,0
DA:11,0
DA:12,0
DA:13,0
DA:15,0
DA:16,0
DA:19,0
DA:20,0
DA:23,0
DA:24,0
DA:28,0
DA:29,0
DA:30,0
DA:32,0
DA:33,0
DA:34,0
DA:35,0
DA:37,0
DA:41,0
DA:42,0
DA:46,0
DA:50,0
DA:51,0
DA:56,0
DA:57,0
DA:58,0
DA:59,0
DA:60,0
DA:64,0
DA:65,0
DA:66,0
DA:68,0
DA:69,0
DA:70,0
DA:74,0
DA:75,0
DA:77,0
DA:79,0
DA:80,0
DA:81,0
DA:83,0
DA:86,0
DA:87,0
DA:92,0
DA:93,0
DA:94,0
DA:95,0
DA:98,0
DA:100,0
DA:101,0
DA:105,0
DA:106,0
DA:110,0
DA:111,0
DA:112,0
DA:117,0
DA:121,0
DA:122,0
DA:123,0
DA:126,0
DA:127,0
DA:134,0
DA:136,0
DA:155,0
DA:157,0
DA:160,0
DA:161,0
DA:162,0
DA:163,0
DA:166,0
DA:167,0
DA:168,0
DA:170,0
DA:171,0
DA:172,0
DA:173,0
DA:176,0
DA:177,0
DA:178,0
DA:180,0
DA:181,0
DA:183,0
DA:184,0
DA:186,0
DA:187,0
DA:188,0
DA:193,0
DA:208,0
DA:222,0
DA:223,0
DA:224,0
DA:226,0
DA:231,0
DA:232,0
DA:247,0
DA:251,0
DA:254,0
DA:255,0
DA:256,0
DA:261,0
DA:272,0
DA:274,0
DA:275,0
DA:277,0
DA:278,0
DA:284,0
DA:287,0
DA:288,0
DA:289,0
DA:294,0
DA:305,0
DA:307,0
DA:308,0
DA:310,0
DA:311,0
DA:319,0
DA:320,0
DA:321,0
DA:323,0
DA:326,0
DA:327,0
DA:328,0
DA:329,0
DA:333,0
DA:334,0
DA:338,0
DA:339,0
DA:344,0
DA:347,0
DA:348,0
DA:353,0
DA:356,0
DA:357,0
DA:358,0
DA:359,0
DA:360,0
DA:361,0
DA:362,0
DA:363,0
DA:364,0
DA:367,0
DA:368,0
DA:369,0
DA:371,0
DA:372,0
DA:373,0
DA:374,0
DA:376,0
DA:377,0
DA:381,0
DA:386,0
DA:392,0
DA:407,0
DA:408,0
DA:409,0
DA:410,0
DA:412,0
DA:415,0
DA:417,0
DA:422,0
DA:423,0
DA:424,0
DA:426,0
DA:429,0
DA:431,0
DA:434,0
DA:435,0
DA:439,0
DA:440,0
DA:445,0
DA:448,0
DA:449,0
DA:454,0
DA:457,0
DA:458,0
DA:461,0
DA:462,0
DA:466,0
DA:467,0
DA:472,0
DA:475,0
DA:476,0
DA:477,0
DA:478,0
DA:481,0
DA:482,0
DA:484,0
DA:485,0
DA:486,0
DA:489,0
DA:490,0
DA:491,0
DA:492,0
DA:495,0
DA:496,0
DA:498,0
DA:504,0
DA:505,0
DA:508,0
DA:509,0
DA:511,0
DA:512,0
DA:514,0
DA:515,0
DA:521,0
DA:522,0
DA:524,0
DA:526,0
DA:527,0
DA:530,0
DA:531,0
DA:534,0
DA:535,0
DA:537,0
DA:538,0
DA:539,0
DA:543,0
DA:549,0
DA:550,0
DA:551,0
DA:553,0
DA:560,0
DA:564,0
DA:570,0
DA:571,0
DA:573,0
DA:579,0
DA:590,0
DA:631,0
DA:632,0
DA:662,0
DA:663,0
DA:664,0
DA:667,0
DA:669,0
DA:671,0
DA:676,0
DA:677,0
DA:678,0
DA:679,0
DA:682,0
DA:683,0
DA:688,0
DA:691,0
DA:692,0
DA:697,0
DA:700,0
DA:701,0
DA:703,0
DA:705,0
DA:713,0
DA:715,0
DA:716,0
DA:719,0
DA:720,0
DA:723,0
DA:727,0
DA:730,0
DA:740,0
DA:741,0
DA:742,0
DA:744,0
DA:745,0
DA:750,0
DA:753,0
DA:755,0
DA:756,0
DA:762,0
DA:766,0
DA:767,0
DA:772,0
DA:773,0
DA:775,0
DA:776,0
DA:788,0
DA:796,0
DA:806,0
DA:811,0
DA:812,0
DA:813,0
DA:815,0
DA:816,0
DA:821,0
DA:824,0
DA:826,0
DA:827,0
DA:833,0
DA:837,0
DA:845,0
DA:852,0
DA:857,0
DA:858,0
DA:859,0
DA:861,0
DA:862,0
DA:867,0
DA:870,0
DA:872,0
DA:873,0
DA:879,0
DA:883,0
DA:884,0
DA:885,0
DA:892,0
DA:895,0
DA:902,0
DA:907,0
DA:908,0
DA:909,0
DA:911,0
DA:912,0
DA:917,0
DA:920,0
DA:923,0
DA:924,0
DA:925,0
DA:926,0
DA:927,0
DA:931,0
DA:932,0
DA:933,0
DA:937,0
DA:940,0
DA:956,0
DA:968,0
DA:972,0
DA:973,0
DA:975,0
DA:978,0
DA:980,0
DA:984,0
DA:985,0
DA:989,0
DA:998,0
DA:999,0
DA:1001,0
DA:1002,0
DA:1005,0
DA:1006,0
DA:1010,0
DA:1013,0
DA:1014,0
DA:1017,0
DA:1019,0
DA:1020,0
DA:1025,0
DA:1029,0
DA:1030,0
DA:1034,0
DA:1037,0
DA:1038,0
DA:1041,0
DA:1042,0
DA:1043,0
DA:1046,0
DA:1048,0
DA:1049,0
DA:1056,0
DA:1060,0
DA:1061,0
DA:1067,0
DA:1068,0
DA:1083,0
DA:1090,0
DA:1101,0
DA:1102,0
LF:371
LH:0
BRDA:19,0,0,0
BRDA:19,0,1,0
BRDA:28,1,0,0
BRDA:28,1,1,0
BRDA:32,2,0,0
BRDA:32,2,1,0
BRDA:33,3,0,0
BRDA:33,3,1,0
BRDA:41,4,0,0
BRDA:41,4,1,0
BRDA:41,4,2,0
BRDA:42,5,0,0
BRDA:42,5,1,0
BRDA:45,6,0,0
BRDA:68,7,0,0
BRDA:68,7,1,0
BRDA:77,8,0,0
BRDA:77,8,1,0
BRDA:94,9,0,0
BRDA:94,9,1,0
BRDA:95,10,0,0
BRDA:95,11,0,0
BRDA:95,12,0,0
BRDA:95,12,1,0
BRDA:100,13,0,0
BRDA:100,13,1,0
BRDA:101,14,0,0
BRDA:101,14,1,0
BRDA:105,15,0,0
BRDA:105,15,1,0
BRDA:111,16,0,0
BRDA:111,16,1,0
BRDA:122,17,0,0
BRDA:122,17,1,0
BRDA:157,18,0,0
BRDA:157,18,1,0
BRDA:161,19,0,0
BRDA:161,19,1,0
BRDA:162,20,0,0
BRDA:162,20,1,0
BRDA:162,21,0,0
BRDA:162,21,1,0
BRDA:166,22,0,0
BRDA:166,22,1,0
BRDA:168,23,0,0
BRDA:168,23,1,0
BRDA:177,24,0,0
BRDA:177,24,1,0
BRDA:177,25,0,0
BRDA:177,25,1,0
BRDA:183,26,0,0
BRDA:183,26,1,0
BRDA:183,26,2,0
BRDA:184,27,0,0
BRDA:184,27,1,0
BRDA:184,27,2,0
BRDA:186,28,0,0
BRDA:186,28,1,0
BRDA:186,29,0,0
BRDA:186,29,1,0
BRDA:186,29,2,0
BRDA:222,30,0,0
BRDA:222,30,1,0
BRDA:222,31,0,0
BRDA:222,31,1,0
BRDA:222,31,2,0
BRDA:222,31,3,0
BRDA:223,32,0,0
BRDA:223,32,1,0
BRDA:260,33,0,0
BRDA:260,33,1,0
BRDA:263,34,0,0
BRDA:263,34,1,0
BRDA:263,34,2,0
BRDA:263,34,3,0
BRDA:269,35,0,0
BRDA:269,35,1,0
BRDA:274,36,0,0
BRDA:274,36,1,0
BRDA:274,37,0,0
BRDA:274,37,1,0
BRDA:293,38,0,0
BRDA:293,38,1,0
BRDA:296,39,0,0
BRDA:296,39,1,0
BRDA:296,39,2,0
BRDA:296,39,3,0
BRDA:302,40,0,0
BRDA:302,40,1,0
BRDA:307,41,0,0
BRDA:307,41,1,0
BRDA:307,42,0,0
BRDA:307,42,1,0
BRDA:321,43,0,0
BRDA:321,43,1,0
BRDA:323,44,0,0
BRDA:323,45,0,0
BRDA:323,45,1,0
BRDA:327,46,0,0
BRDA:327,46,1,0
BRDA:328,47,0,0
BRDA:328,47,1,0
BRDA:329,48,0,0
BRDA:329,48,1,0
BRDA:333,49,0,0
BRDA:333,49,1,0
BRDA:338,50,0,0
BRDA:338,50,1,0
BRDA:347,51,0,0
BRDA:347,51,1,0
BRDA:347,52,0,0
BRDA:347,52,1,0
BRDA:356,53,0,0
BRDA:356,53,1,0
BRDA:356,53,2,0
BRDA:359,54,0,0
BRDA:359,54,1,0
BRDA:371,55,0,0
BRDA:371,55,1,0
BRDA:372,56,0,0
BRDA:372,56,1,0
BRDA:373,57,0,0
BRDA:373,57,1,0
BRDA:373,58,0,0
BRDA:373,58,1,0
BRDA:374,59,0,0
BRDA:374,59,1,0
BRDA:376,60,0,0
BRDA:376,60,1,0
BRDA:376,61,0,0
BRDA:376,61,1,0
BRDA:377,62,0,0
BRDA:377,62,1,0
BRDA:424,63,0,0
BRDA:424,63,1,0
BRDA:426,64,0,0
BRDA:426,65,0,0
BRDA:426,65,1,0
BRDA:431,66,0,0
BRDA:431,66,1,0
BRDA:434,67,0,0
BRDA:434,67,1,0
BRDA:439,68,0,0
BRDA:439,68,1,0
BRDA:439,69,0,0
BRDA:439,69,1,0
BRDA:448,70,0,0
BRDA:448,70,1,0
BRDA:448,71,0,0
BRDA:448,71,1,0
BRDA:457,72,0,0
BRDA:457,72,1,0
BRDA:457,73,0,0
BRDA:457,73,1,0
BRDA:461,74,0,0
BRDA:461,74,1,0
BRDA:461,75,0,0
BRDA:461,75,1,0
BRDA:466,76,0,0
BRDA:466,76,1,0
BRDA:466,77,0,0
BRDA:466,77,1,0
BRDA:466,77,2,0
BRDA:468,78,0,0
BRDA:468,78,1,0
BRDA:468,79,0,0
BRDA:468,79,1,0
BRDA:482,80,0,0
BRDA:482,80,1,0
BRDA:485,81,0,0
BRDA:485,81,1,0
BRDA:490,82,0,0
BRDA:490,82,1,0
BRDA:491,83,0,0
BRDA:491,83,1,0
BRDA:508,84,0,0
BRDA:508,84,1,0
BRDA:509,85,0,0
BRDA:509,85,1,0
BRDA:511,86,0,0
BRDA:511,86,1,0
BRDA:511,87,0,0
BRDA:511,87,1,0
BRDA:512,88,0,0
BRDA:512,88,1,0
BRDA:514,89,0,0
BRDA:514,89,1,0
BRDA:514,90,0,0
BRDA:514,90,1,0
BRDA:515,91,0,0
BRDA:515,91,1,0
BRDA:524,92,0,0
BRDA:524,92,1,0
BRDA:524,93,0,0
BRDA:524,93,1,0
BRDA:524,93,2,0
BRDA:526,94,0,0
BRDA:526,94,1,0
BRDA:537,95,0,0
BRDA:537,95,1,0
BRDA:538,96,0,0
BRDA:538,96,1,0
BRDA:538,97,0,0
BRDA:538,97,1,0
BRDA:539,98,0,0
BRDA:539,98,1,0
BRDA:550,99,0,0
BRDA:550,99,1,0
BRDA:570,100,0,0
BRDA:570,100,1,0
BRDA:584,101,0,0
BRDA:584,101,1,0
BRDA:585,102,0,0
BRDA:585,102,1,0
BRDA:586,103,0,0
BRDA:586,103,1,0
BRDA:631,104,0,0
BRDA:631,104,1,0
BRDA:631,105,0,0
BRDA:631,105,1,0
BRDA:631,105,2,0
BRDA:678,106,0,0
BRDA:678,106,1,0
BRDA:679,107,0,0
BRDA:679,107,1,0
BRDA:682,108,0,0
BRDA:682,108,1,0
BRDA:691,109,0,0
BRDA:691,109,1,0
BRDA:715,110,0,0
BRDA:715,110,1,0
BRDA:723,111,0,0
BRDA:723,111,1,0
BRDA:723,111,2,0
BRDA:727,112,0,0
BRDA:727,112,1,0
BRDA:727,112,2,0
BRDA:731,113,0,0
BRDA:731,113,1,0
BRDA:733,114,0,0
BRDA:733,114,1,0
BRDA:744,115,0,0
BRDA:744,115,1,0
BRDA:755,116,0,0
BRDA:755,116,1,0
BRDA:766,117,0,0
BRDA:766,117,1,0
BRDA:775,118,0,0
BRDA:775,118,1,0
BRDA:800,119,0,0
BRDA:800,119,1,0
BRDA:815,120,0,0
BRDA:815,120,1,0
BRDA:826,121,0,0
BRDA:826,121,1,0
BRDA:861,122,0,0
BRDA:861,122,1,0
BRDA:872,123,0,0
BRDA:872,123,1,0
BRDA:884,124,0,0
BRDA:884,124,1,0
BRDA:911,125,0,0
BRDA:911,125,1,0
BRDA:924,126,0,0
BRDA:924,126,1,0
BRDA:932,127,0,0
BRDA:932,127,1,0
BRDA:948,128,0,0
BRDA:948,128,1,0
BRDA:973,129,0,0
BRDA:973,129,1,0
BRDA:975,130,0,0
BRDA:975,131,0,0
BRDA:975,131,1,0
BRDA:980,132,0,0
BRDA:980,132,1,0
BRDA:980,133,0,0
BRDA:980,133,1,0
BRDA:980,134,0,0
BRDA:980,134,1,0
BRDA:984,135,0,0
BRDA:984,135,1,0
BRDA:1001,136,0,0
BRDA:1001,136,1,0
BRDA:1005,137,0,0
BRDA:1005,137,1,0
BRDA:1014,138,0,0
BRDA:1014,138,1,0
BRDA:1019,139,0,0
BRDA:1019,139,1,0
BRDA:1029,140,0,0
BRDA:1029,140,1,0
BRDA:1046,141,0,0
BRDA:1046,141,1,0
BRDA:1052,142,0,0
BRDA:1052,142,1,0
BRDA:1060,143,0,0
BRDA:1060,143,1,0
BRF:298
BRH:0
end_of_record
TN:
SF:src\scheduled.ts
FN:20,(anonymous_9)
FN:40,(anonymous_10)
FNF:2
FNH:0
FNDA:0,(anonymous_9)
FNDA:0,(anonymous_10)
DA:1,0
DA:2,0
DA:4,0
DA:5,0
DA:7,0
DA:8,0
DA:10,0
DA:11,0
DA:18,0
DA:21,0
DA:23,0
DA:30,0
DA:31,0
DA:32,0
DA:35,0
DA:37,0
DA:38,0
DA:39,0
DA:40,0
DA:41,0
DA:43,0
DA:45,0
LF:22
LH:0
BRDA:10,0,0,0
BRDA:10,0,1,0
BRDA:30,1,0,0
BRDA:30,1,1,0
BRDA:43,2,0,0
BRDA:43,2,1,0
BRF:6
BRH:0
end_of_record
TN:
SF:src\subscription.ts
FN:13,getValidSubscription
FN:41,(anonymous_1)
FN:113,(anonymous_2)
FN:159,(anonymous_3)
FNF:4
FNH:0
FNDA:0,getValidSubscription
FNDA:0,(anonymous_1)
FNDA:0,(anonymous_2)
FNDA:0,(anonymous_3)
DA:1,0
DA:2,0
DA:3,0
DA:4,0
DA:7,0
DA:8,0
DA:14,0
DA:16,0
DA:17,0
DA:20,0
DA:21,0
DA:24,0
DA:28,0
DA:31,0
DA:41,0
DA:42,0
DA:43,0
DA:45,0
DA:46,0
DA:51,0
DA:54,0
DA:56,0
DA:57,0
DA:63,0
DA:67,0
DA:68,0
DA:73,0
DA:74,0
DA:76,0
DA:77,0
DA:85,0
DA:90,0
DA:98,0
DA:108,0
DA:113,0
DA:114,0
DA:115,0
DA:117,0
DA:118,0
DA:123,0
DA:126,0
DA:128,0
DA:129,0
DA:135,0
DA:139,0
DA:147,0
DA:154,0
DA:159,0
DA:160,0
DA:161,0
DA:163,0
DA:164,0
DA:169,0
DA:172,0
DA:175,0
DA:176,0
DA:177,0
DA:178,0
DA:179,0
DA:183,0
DA:184,0
DA:185,0
DA:189,0
DA:192,0
DA:208,0
LF:65
LH:0
BRDA:7,0,0,0
BRDA:7,0,1,0
BRDA:16,1,0,0
BRDA:16,1,1,0
BRDA:24,2,0,0
BRDA:24,2,1,0
BRDA:24,2,2,0
BRDA:28,3,0,0
BRDA:28,3,1,0
BRDA:28,3,2,0
BRDA:32,4,0,0
BRDA:32,4,1,0
BRDA:34,5,0,0
BRDA:34,5,1,0
BRDA:45,6,0,0
BRDA:45,6,1,0
BRDA:56,7,0,0
BRDA:56,7,1,0
BRDA:67,8,0,0
BRDA:67,8,1,0
BRDA:76,9,0,0
BRDA:76,9,1,0
BRDA:102,10,0,0
BRDA:102,10,1,0
BRDA:117,11,0,0
BRDA:117,11,1,0
BRDA:128,12,0,0
BRDA:128,12,1,0
BRDA:163,13,0,0
BRDA:163,13,1,0
BRDA:176,14,0,0
BRDA:176,14,1,0
BRDA:184,15,0,0
BRDA:184,15,1,0
BRDA:200,16,0,0
BRDA:200,16,1,0
BRF:36
BRH:0
end_of_record
TN:
SF:src\auth\unified-auth-functions.ts
FN:21,(anonymous_0)
FN:130,(anonymous_1)
FN:240,(anonymous_2)
FN:340,(anonymous_3)
FNF:4
FNH:0
FNDA:0,(anonymous_0)
FNDA:0,(anonymous_1)
FNDA:0,(anonymous_2)
FNDA:0,(anonymous_3)
DA:1,0
DA:2,0
DA:21,0
DA:23,0
DA:24,0
DA:25,0
DA:27,0
DA:28,0
DA:29,0
DA:32,0
DA:33,0
DA:37,0
DA:40,0
DA:48,0
DA:51,0
DA:52,0
DA:56,0
DA:59,0
DA:62,0
DA:71,0
DA:80,0
DA:83,0
DA:84,0
DA:89,0
DA:90,0
DA:95,0
DA:96,0
DA:102,0
DA:130,0
DA:132,0
DA:133,0
DA:134,0
DA:136,0
DA:137,0
DA:138,0
DA:141,0
DA:142,0
DA:146,0
DA:149,0
DA:158,0
DA:161,0
DA:162,0
DA:166,0
DA:169,0
DA:172,0
DA:182,0
DA:191,0
DA:194,0
DA:195,0
DA:200,0
DA:201,0
DA:206,0
DA:207,0
DA:213,0
DA:240,0
DA:242,0
DA:243,0
DA:244,0
DA:246,0
DA:247,0
DA:248,0
DA:251,0
DA:252,0
DA:256,0
DA:259,0
DA:272,0
DA:275,0
DA:276,0
DA:280,0
DA:283,0
DA:286,0
DA:293,0
DA:303,0
DA:306,0
DA:307,0
DA:312,0
DA:313,0
DA:318,0
DA:319,0
DA:325,0
DA:340,0
DA:342,0
DA:343,0
DA:344,0
DA:346,0
DA:347,0
DA:348,0
DA:351,0
DA:353,0
DA:355,0
DA:356,0
DA:360,0
DA:363,0
DA:366,0
DA:368,0
DA:375,0
DA:376,0
LF:97
LH:0
BRDA:27,0,0,0
BRDA:27,0,1,0
BRDA:32,1,0,0
BRDA:32,1,1,0
BRDA:51,2,0,0
BRDA:51,2,1,0
BRDA:51,3,0,0
BRDA:51,3,1,0
BRDA:51,3,2,0
BRDA:51,3,3,0
BRDA:51,3,4,0
BRDA:83,4,0,0
BRDA:83,4,1,0
BRDA:89,5,0,0
BRDA:89,5,1,0
BRDA:95,6,0,0
BRDA:95,6,1,0
BRDA:136,7,0,0
BRDA:136,7,1,0
BRDA:141,8,0,0
BRDA:141,8,1,0
BRDA:161,9,0,0
BRDA:161,9,1,0
BRDA:161,10,0,0
BRDA:161,10,1,0
BRDA:161,10,2,0
BRDA:161,10,3,0
BRDA:161,10,4,0
BRDA:161,10,5,0
BRDA:194,11,0,0
BRDA:194,11,1,0
BRDA:200,12,0,0
BRDA:200,12,1,0
BRDA:206,13,0,0
BRDA:206,13,1,0
BRDA:246,14,0,0
BRDA:246,14,1,0
BRDA:251,15,0,0
BRDA:251,15,1,0
BRDA:275,16,0,0
BRDA:275,16,1,0
BRDA:275,17,0,0
BRDA:275,17,1,0
BRDA:275,17,2,0
BRDA:298,18,0,0
BRDA:298,18,1,0
BRDA:306,19,0,0
BRDA:306,19,1,0
BRDA:312,20,0,0
BRDA:312,20,1,0
BRDA:318,21,0,0
BRDA:318,21,1,0
BRDA:346,22,0,0
BRDA:346,22,1,0
BRDA:353,23,0,0
BRDA:353,23,1,0
BRDA:355,24,0,0
BRDA:355,24,1,0
BRF:58
BRH:0
end_of_record
TN:
SF:src\lib\exchange.ts
FN:3,cancelExchangeTx
FN:5,(anonymous_1)
FNF:2
FNH:2
FNDA:7,cancelExchangeTx
FNDA:7,(anonymous_1)
DA:1,1
DA:3,1
DA:4,7
DA:5,7
DA:6,7
DA:7,7
DA:8,7
DA:9,6
DA:10,6
DA:12,5
DA:13,5
DA:14,5
DA:16,5
DA:17,5
DA:18,5
DA:19,5
DA:21,5
DA:22,2
DA:26,3
DA:27,3
DA:30,3
DA:31,3
DA:32,3
DA:33,3
DA:35,3
LF:25
LH:25
BRDA:3,0,0,6
BRDA:8,1,0,1
BRDA:8,1,1,6
BRDA:10,2,0,1
BRDA:10,2,1,5
BRDA:13,3,0,5
BRDA:13,3,1,0
BRDA:14,4,0,5
BRDA:14,4,1,0
BRDA:21,5,0,2
BRDA:21,5,1,3
BRDA:21,6,0,5
BRDA:21,6,1,3
BRDA:21,7,0,5
BRDA:21,7,1,1
BRDA:21,8,0,3
BRDA:21,8,1,0
BRF:17
BRH:14
end_of_record
TN:
SF:src\lib\idempotency.ts
FN:3,withIdempotency
FN:6,(anonymous_1)
FNF:2
FNH:2
FNDA:6,withIdempotency
FNDA:6,(anonymous_1)
DA:1,2
DA:3,2
DA:4,6
DA:5,6
DA:6,6
DA:7,6
DA:8,6
DA:9,5
DA:10,5
DA:12,6
DA:13,5
DA:14,4
LF:12
LH:12
BRDA:8,0,0,1
BRDA:8,0,1,5
BRDA:12,1,0,1
BRDA:12,1,1,5
BRF:4
BRH:4
end_of_record
TN:
SF:src\lib\validation.ts
FN:17,(anonymous_9)
FN:30,(anonymous_10)
FN:37,(anonymous_11)
FN:50,(anonymous_12)
FN:67,(anonymous_13)
FN:78,(anonymous_14)
FN:91,(anonymous_15)
FN:109,validateFields
FN:122,sendValidationError
FN:128,(anonymous_18)
FN:136,sendError
FN:157,(anonymous_20)
FN:158,(anonymous_21)
FN:159,(anonymous_22)
FN:160,(anonymous_23)
FN:162,(anonymous_24)
FN:163,(anonymous_25)
FN:164,(anonymous_26)
FN:165,(anonymous_27)
FN:166,(anonymous_28)
FNF:20
FNH:16
FNDA:8,(anonymous_9)
FNDA:12,(anonymous_10)
FNDA:5,(anonymous_11)
FNDA:9,(anonymous_12)
FNDA:14,(anonymous_13)
FNDA:17,(anonymous_14)
FNDA:22,(anonymous_15)
FNDA:3,validateFields
FNDA:1,sendValidationError
FNDA:2,(anonymous_18)
FNDA:2,sendError
FNDA:2,(anonymous_20)
FNDA:2,(anonymous_21)
FNDA:1,(anonymous_22)
FNDA:1,(anonymous_23)
FNDA:1,(anonymous_24)
FNDA:0,(anonymous_25)
FNDA:0,(anonymous_26)
FNDA:0,(anonymous_27)
FNDA:0,(anonymous_28)
DA:1,3
DA:16,3
DA:18,8
DA:20,8
DA:21,8
DA:23,8
DA:24,8
DA:29,3
DA:31,12
DA:32,7
DA:34,5
DA:38,5
DA:39,1
DA:41,4
DA:42,1
DA:44,3
DA:45,1
DA:47,2
DA:51,9
DA:52,9
DA:53,2
DA:55,7
DA:56,1
DA:58,6
DA:59,1
DA:61,5
DA:62,1
DA:64,4
DA:68,14
DA:69,1
DA:71,13
DA:72,13
DA:73,5
DA:75,8
DA:79,17
DA:80,0
DA:82,17
DA:83,4
DA:85,13
DA:86,5
DA:88,8
DA:92,22
DA:93,22
DA:94,1
DA:96,21
DA:97,6
DA:99,15
DA:100,3
DA:102,12
DA:103,3
DA:105,9
DA:109,3
DA:110,3
DA:112,3
DA:113,7
DA:114,7
DA:115,3
DA:119,3
DA:122,3
DA:123,1
DA:124,1
DA:128,2
DA:136,3
DA:137,2
DA:138,1
DA:139,1
DA:146,1
DA:147,1
DA:156,3
DA:157,2
DA:158,2
DA:159,1
DA:161,1
DA:162,1
DA:163,0
DA:164,0
DA:165,0
DA:167,0
LF:78
LH:73
BRDA:20,0,0,0
BRDA:31,1,0,7
BRDA:31,1,1,5
BRDA:31,2,0,12
BRDA:31,2,1,7
BRDA:38,3,0,1
BRDA:38,3,1,4
BRDA:41,4,0,1
BRDA:41,4,1,3
BRDA:41,5,0,4
BRDA:41,5,1,2
BRDA:44,6,0,1
BRDA:44,6,1,2
BRDA:44,7,0,3
BRDA:44,7,1,2
BRDA:52,8,0,2
BRDA:52,8,1,7
BRDA:55,9,0,1
BRDA:55,9,1,6
BRDA:55,10,0,7
BRDA:55,10,1,2
BRDA:58,11,0,1
BRDA:58,11,1,5
BRDA:58,12,0,6
BRDA:58,12,1,1
BRDA:61,13,0,1
BRDA:61,13,1,4
BRDA:61,14,0,5
BRDA:61,14,1,1
BRDA:68,15,0,1
BRDA:68,15,1,13
BRDA:72,16,0,5
BRDA:72,16,1,8
BRDA:79,17,0,0
BRDA:79,17,1,17
BRDA:82,18,0,4
BRDA:82,18,1,13
BRDA:85,19,0,5
BRDA:85,19,1,8
BRDA:85,20,0,13
BRDA:85,20,1,11
BRDA:93,21,0,1
BRDA:93,21,1,21
BRDA:96,22,0,6
BRDA:96,22,1,15
BRDA:99,23,0,3
BRDA:99,23,1,12
BRDA:102,24,0,3
BRDA:102,24,1,9
BRDA:114,25,0,3
BRDA:114,25,1,4
BRDA:137,26,0,1
BRDA:137,26,1,1
BRDA:143,27,0,1
BRDA:143,27,1,1
BRF:55
BRH:53
end_of_record
TN:
SF:src\shared\auth\unified-auth-service.ts
FN:19,(anonymous_0)
FN:84,(anonymous_1)
FN:116,(anonymous_2)
FN:154,(anonymous_3)
FN:182,(anonymous_4)
FN:204,(anonymous_5)
FN:226,(anonymous_6)
FN:253,(anonymous_7)
FN:265,(anonymous_8)
FN:279,(anonymous_9)
FN:308,(anonymous_10)
FN:337,(anonymous_11)
FNF:12
FNH:0
FNDA:0,(anonymous_0)
FNDA:0,(anonymous_1)
FNDA:0,(anonymous_2)
FNDA:0,(anonymous_3)
FNDA:0,(anonymous_4)
FNDA:0,(anonymous_5)
FNDA:0,(anonymous_6)
FNDA:0,(anonymous_7)
FNDA:0,(anonymous_8)
FNDA:0,(anonymous_9)
FNDA:0,(anonymous_10)
FNDA:0,(anonymous_11)
DA:1,0
DA:2,0
DA:11,0
DA:12,0
DA:13,0
DA:25,0
DA:26,0
DA:28,0
DA:29,0
DA:32,0
DA:37,0
DA:40,0
DA:53,0
DA:54,0
DA:55,0
DA:58,0
DA:59,0
DA:61,0
DA:64,0
DA:67,0
DA:68,0
DA:69,0
DA:70,0
DA:71,0
DA:73,0
DA:77,0
DA:93,0
DA:95,0
DA:105,0
DA:126,0
DA:128,0
DA:143,0
DA:161,0
DA:163,0
DA:164,0
DA:171,0
DA:183,0
DA:184,0
DA:185,0
DA:186,0
DA:191,0
DA:192,0
DA:196,0
DA:197,0
DA:205,0
DA:206,0
DA:207,0
DA:208,0
DA:213,0
DA:214,0
DA:218,0
DA:219,0
DA:227,0
DA:228,0
DA:229,0
DA:230,0
DA:235,0
DA:236,0
DA:240,0
DA:241,0
DA:245,0
DA:246,0
DA:254,0
DA:259,0
DA:267,0
DA:268,0
DA:269,0
DA:270,0
DA:271,0
DA:273,0
DA:283,0
DA:285,0
DA:295,0
DA:296,0
DA:299,0
DA:313,0
DA:315,0
DA:317,0
DA:318,0
DA:321,0
DA:322,0
DA:323,0
DA:324,0
DA:325,0
DA:326,0
DA:331,0
DA:335,0
DA:336,0
DA:337,0
DA:338,0
DA:339,0
DA:343,0
DA:344,0
DA:345,0
DA:346,0
DA:350,0
DA:351,0
DA:353,0
DA:360,0
DA:361,0
DA:368,0
LF:101
LH:0
BRDA:67,0,0,0
BRDA:67,0,1,0
BRDA:102,1,0,0
BRDA:102,1,1,0
BRDA:134,2,0,0
BRDA:134,2,1,0
BRDA:163,3,0,0
BRDA:163,3,1,0
BRDA:168,4,0,0
BRDA:168,4,1,0
BRDA:185,5,0,0
BRDA:185,5,1,0
BRDA:185,6,0,0
BRDA:185,6,1,0
BRDA:191,7,0,0
BRDA:191,7,1,0
BRDA:196,8,0,0
BRDA:196,8,1,0
BRDA:207,9,0,0
BRDA:207,9,1,0
BRDA:207,10,0,0
BRDA:207,10,1,0
BRDA:213,11,0,0
BRDA:213,11,1,0
BRDA:218,12,0,0
BRDA:218,12,1,0
BRDA:229,13,0,0
BRDA:229,13,1,0
BRDA:229,14,0,0
BRDA:229,14,1,0
BRDA:235,15,0,0
BRDA:235,15,1,0
BRDA:240,16,0,0
BRDA:240,16,1,0
BRDA:245,17,0,0
BRDA:245,17,1,0
BRDA:245,18,0,0
BRDA:245,18,1,0
BRDA:324,19,0,0
BRDA:324,19,1,0
BRDA:335,20,0,0
BRDA:335,20,1,0
BRDA:344,21,0,0
BRDA:344,21,1,0
BRDA:360,22,0,0
BRDA:360,22,1,0
BRF:46
BRH:0
end_of_record
